#
# A fatal error has been detected by the Java Runtime Environment:
#
#  EXCEPTION_ACCESS_VIOLATION (0xc0000005) at pc=0x00007ffa41802c4c, pid=21108, tid=23640
#
# JRE version: Java(TM) SE Runtime Environment (17.0+35) (build 17+35-LTS-2724)
# Java VM: Java HotSpot(TM) 64-Bit Server VM (17+35-LTS-2724, mixed mode, sharing, tiered, compressed oops, compressed class ptrs, g1 gc, windows-amd64)
# Problematic frame:
# C  [igxelpicd64.dll+0x282c4c]
#
# No core dump will be written. Minidumps are not enabled by default on client versions of Windows
#
# If you would like to submit a bug report, please visit:
#   https://bugreport.java.com/bugreport/crash.jsp
#

---------------  S U M M A R Y ------------

Command Line: -Dfile.encoding=Cp1252 -XX:+ShowCodeDetailsInExceptionMessages com.catcong.menus.Game

Host: 11th Gen Intel(R) Core(TM) i7-1165G7 @ 2.80GHz, 8 cores, 15G,  Windows 10 , 64 bit Build 22000 (10.0.22000.318)
Time: Sat Nov 13 15:24:50 2021 US Mountain Standard Time elapsed time: 134.177022 seconds (0d 0h 2m 14s)

---------------  T H R E A D  ---------------

Current thread (0x0000012b63493530):  VMThread "VM Thread" [stack: 0x00000012b2a00000,0x00000012b2b00000] [id=23640]

Stack: [0x00000012b2a00000,0x00000012b2b00000],  sp=0x00000012b2afe8c0,  free space=1018k
Native frames: (J=compiled Java code, j=interpreted, Vv=VM code, C=native code)
C  [igxelpicd64.dll+0x282c4c]


siginfo: EXCEPTION_ACCESS_VIOLATION (0xc0000005), reading address 0x00000000000356f8


Register to memory mapping:

RIP=0x00007ffa41802c4c igxelpicd64.dll
RAX=0x0000012b6431a1a0 points into unknown readable memory: 0x0000000000193a2f | 2f 3a 19 00 00 00 00 00
RBX=0x0000012b6477a9a0 points into unknown readable memory: 0xffffffffffffffff | ff ff ff ff ff ff ff ff
RCX=0x0 is NULL
RDX=0x0 is NULL
RSP=0x00000012b2afe8c0 points into unknown readable memory: 0x0000012b6477a9a0 | a0 a9 77 64 2b 01 00 00
RBP=0x0000000000000016 is an unknown value
RSI=0x0000012b6630e3a0 points into unknown readable memory: 0x0000000000000000 | 00 00 00 00 00 00 00 00
RDI=0x0 is NULL
R8 =0x0000000000000014 is an unknown value
R9 =0x0 is NULL
R10=0x0 is NULL
R11=0x0000000000000246 is an unknown value
R12=0x0000012b6431a668 points into unknown readable memory: 0x0000012b64b14560 | 60 45 b1 64 2b 01 00 00
R13=0x0 is NULL
R14=0x0000012b6431a0a0 points into unknown readable memory: 0x0000012b64ad83c0 | c0 83 ad 64 2b 01 00 00
R15=0x0 is NULL


Registers:
RAX=0x0000012b6431a1a0, RBX=0x0000012b6477a9a0, RCX=0x0000000000000000, RDX=0x0000000000000000
RSP=0x00000012b2afe8c0, RBP=0x0000000000000016, RSI=0x0000012b6630e3a0, RDI=0x0000000000000000
R8 =0x0000000000000014, R9 =0x0000000000000000, R10=0x0000000000000000, R11=0x0000000000000246
R12=0x0000012b6431a668, R13=0x0000000000000000, R14=0x0000012b6431a0a0, R15=0x0000000000000000
RIP=0x00007ffa41802c4c, EFLAGS=0x0000000000010206

Top of Stack: (sp=0x00000012b2afe8c0)
0x00000012b2afe8c0:   0000012b6477a9a0 00007ffa9d4fdeb9
0x00000012b2afe8d0:   00000012b2afe958 0000000000000000
0x00000012b2afe8e0:   0000000000000054 0000012b6477a9a0
0x00000012b2afe8f0:   59d5018839d50194 00007ffa9de472b4
0x00000012b2afe900:   d2d701999dd701c5 e7d8011fd1d801c5
0x00000012b2afe910:   a7d901f407d9019c 0000012b64bdde38
0x00000012b2afe920:   0000000000193a83 0000000000000000
0x00000012b2afe930:   0000000000000014 0000000000000000
0x00000012b2afe940:   0000000000000000 00000012b2afea60
0x00000012b2afe950:   0000012b6630e3a0 00007ffa4163769c
0x00000012b2afe960:   0000012b00000016 0000012b64b14560
0x00000012b2afe970:   63e3018839e30100 2ae401e4e3e30100
0x00000012b2afe980:   000000120025a498 0000b802001a0000
0x00000012b2afe990:   0000000000000000 2de801e125e801ef
0x00000012b2afe9a0:   73e8016343e801d9 9ee801248ee8014f
0x00000012b2afe9b0:   d3e901dd87e900fa 00ec01df7feb0166 

Instructions: (pc=0x00007ffa41802c4c)
0x00007ffa41802b4c:   41 bf 20 00 00 00 48 8b 04 38 4d 8b 3c 07 0f b6
0x00007ffa41802b5c:   bc 24 b0 00 00 00 4c 3b 3d d7 f8 cb 00 41 0f 44
0x00007ffa41802b6c:   e9 89 ac 24 a0 00 00 00 48 85 c9 0f 84 d4 07 00
0x00007ffa41802b7c:   00 0f 1f 00 4c 8b f1 4c 8d a1 c8 05 00 00 49 8b
0x00007ffa41802b8c:   04 24 48 89 84 24 a8 00 00 00 40 84 ff 74 10 48
0x00007ffa41802b9c:   8b d1 48 8b 09 e8 ea 8d e3 ff e9 4f 07 00 00 8b
0x00007ffa41802bac:   96 d0 01 00 00 48 8b 05 58 dd bb 00 83 b8 64 03
0x00007ffa41802bbc:   00 00 02 0f 85 19 02 00 00 83 fa 10 73 0e 48 8d
0x00007ffa41802bcc:   42 04 48 8d 04 c2 48 8d 04 c1 eb 60 8d 4a f0 8b
0x00007ffa41802bdc:   c1 c1 e8 04 83 f8 03 73 1d 0f ae e8 83 e1 0f 4d
0x00007ffa41802bec:   8b 84 c6 80 05 00 00 4d 85 c0 74 25 48 8d 0c c9
0x00007ffa41802bfc:   49 8d 04 c8 eb 36 49 8b 86 98 05 00 00 48 85 c0
0x00007ffa41802c0c:   74 0f 66 90 39 10 74 2f 48 8b 40 50 48 85 c0 75
0x00007ffa41802c1c:   f3 41 80 be a0 05 00 00 00 74 22 8b c2 83 e0 0f
0x00007ffa41802c2c:   48 8d 04 c0 48 8d 40 20 49 8d 04 c6 48 85 c0 74
0x00007ffa41802c3c:   0c 48 8b 48 08 eb 09 48 83 c0 08 eb ef 49 8b c9
0x00007ffa41802c4c:   49 3b 8f f8 56 03 00 0f 86 85 01 00 00 83 fa 10
0x00007ffa41802c5c:   73 0a 48 8d 42 04 48 8d 04 c2 eb 5c 8d 4a f0 8b
0x00007ffa41802c6c:   c1 c1 e8 04 83 f8 03 73 1d 0f ae e8 83 e1 0f 4d
0x00007ffa41802c7c:   8b 84 c6 80 05 00 00 4d 85 c0 74 25 48 8d 0c c9
0x00007ffa41802c8c:   49 8d 04 c8 eb 36 49 8b 86 98 05 00 00 48 85 c0
0x00007ffa41802c9c:   74 0f 66 90 39 10 74 2f 48 8b 40 50 48 85 c0 75
0x00007ffa41802cac:   f3 41 80 be a0 05 00 00 00 74 22 8b c2 83 e0 0f
0x00007ffa41802cbc:   48 8d 04 c0 48 8d 40 20 49 8d 04 c6 48 85 c0 74
0x00007ffa41802ccc:   0c 48 8b 48 08 eb 09 48 83 c0 08 eb ef 49 8b c9
0x00007ffa41802cdc:   49 3b 8e 40 06 00 00 0f 86 f5 00 00 00 48 8b 86
0x00007ffa41802cec:   80 02 00 00 49 89 04 24 4c 89 b6 80 02 00 00 ff
0x00007ffa41802cfc:   86 88 02 00 00 ba 01 00 00 00 49 8b 4e 08 e8 41
0x00007ffa41802d0c:   28 59 00 0f b7 c8 48 2b c1 48 05 00 00 01 00 48
0x00007ffa41802d1c:   01 86 90 02 00 00 ba 01 00 00 00 49 8b 4e 08 e8
0x00007ffa41802d2c:   20 28 59 00 48 01 86 a0 02 00 00 85 ed 74 75 49
0x00007ffa41802d3c:   8b 9f 58 4f 03 00 0f 57 c0 f3 0f 7f 44 24 30 c7 


Stack slot to memory mapping:
stack at sp + 0 slots: 0x0000012b6477a9a0 points into unknown readable memory: 0xffffffffffffffff | ff ff ff ff ff ff ff ff
stack at sp + 1 slots: 0x00007ffa9d4fdeb9 USER32.dll
stack at sp + 2 slots: 0x00000012b2afe958 points into unknown readable memory: 0x00007ffa4163769c | 9c 76 63 41 fa 7f 00 00
stack at sp + 3 slots: 0x0 is NULL
stack at sp + 4 slots: 0x0000000000000054 is an unknown value
stack at sp + 5 slots: 0x0000012b6477a9a0 points into unknown readable memory: 0xffffffffffffffff | ff ff ff ff ff ff ff ff
stack at sp + 6 slots: 0x59d5018839d50194 is an unknown value
stack at sp + 7 slots: 0x00007ffa9de472b4 ntdll.dll

VM_Operation (0x00000012b3bfe640): Exit, mode: safepoint, requested by thread 0x0000012b645bdf90


---------------  P R O C E S S  ---------------

Threads class SMR info:
_java_thread_list=0x0000012b669d0d70, length=17, elements={
0x0000012b634973c0, 0x0000012b63499f80, 0x0000012b634ade20, 0x0000012b634ae7d0,
0x0000012b634b1190, 0x0000012b634bab60, 0x0000012b634bc630, 0x0000012b634c7180,
0x0000012b634d2e80, 0x0000012b641244c0, 0x0000012b641308b0, 0x0000012b64529cf0,
0x0000012b6452cc80, 0x0000012b645bdf90, 0x0000012b64a35590, 0x0000012b6654a040,
0x0000012b66549b70
}

Java Threads: ( => current thread )
  0x0000012b634973c0 JavaThread "Reference Handler" daemon [_thread_blocked, id=9256, stack(0x00000012b2b00000,0x00000012b2c00000)]
  0x0000012b63499f80 JavaThread "Finalizer" daemon [_thread_blocked, id=16160, stack(0x00000012b2c00000,0x00000012b2d00000)]
  0x0000012b634ade20 JavaThread "Signal Dispatcher" daemon [_thread_blocked, id=17236, stack(0x00000012b2d00000,0x00000012b2e00000)]
  0x0000012b634ae7d0 JavaThread "Attach Listener" daemon [_thread_blocked, id=7532, stack(0x00000012b2e00000,0x00000012b2f00000)]
  0x0000012b634b1190 JavaThread "Service Thread" daemon [_thread_blocked, id=20456, stack(0x00000012b2f00000,0x00000012b3000000)]
  0x0000012b634bab60 JavaThread "Monitor Deflation Thread" daemon [_thread_blocked, id=2380, stack(0x00000012b3000000,0x00000012b3100000)]
  0x0000012b634bc630 JavaThread "C2 CompilerThread0" daemon [_thread_blocked, id=11592, stack(0x00000012b3100000,0x00000012b3200000)]
  0x0000012b634c7180 JavaThread "C1 CompilerThread0" daemon [_thread_blocked, id=13708, stack(0x00000012b3200000,0x00000012b3300000)]
  0x0000012b634d2e80 JavaThread "Sweeper thread" daemon [_thread_blocked, id=3548, stack(0x00000012b3300000,0x00000012b3400000)]
  0x0000012b641244c0 JavaThread "Notification Thread" daemon [_thread_blocked, id=15352, stack(0x00000012b3400000,0x00000012b3500000)]
  0x0000012b641308b0 JavaThread "Common-Cleaner" daemon [_thread_blocked, id=19692, stack(0x00000012b3600000,0x00000012b3700000)]
  0x0000012b64529cf0 JavaThread "Java2D Disposer" daemon [_thread_blocked, id=10964, stack(0x00000012b3800000,0x00000012b3900000)]
  0x0000012b6452cc80 JavaThread "AWT-Shutdown" [_thread_blocked, id=10172, stack(0x00000012b3900000,0x00000012b3a00000)]
  0x0000012b645bdf90 JavaThread "AWT-EventQueue-0" [_thread_blocked, id=19588, stack(0x00000012b3b00000,0x00000012b3c00000)]
  0x0000012b64a35590 JavaThread "jME3 Main" [_thread_blocked, id=5036, stack(0x00000012b3c00000,0x00000012b3d00000)]
  0x0000012b6654a040 JavaThread "DestroyJavaVM" [_thread_blocked, id=8496, stack(0x00000012b2400000,0x00000012b2500000)]
  0x0000012b66549b70 JavaThread "jME3 Audio Decoder" daemon [_thread_blocked, id=24284, stack(0x00000012b4300000,0x00000012b4400000)]

Other Threads:
=>0x0000012b63493530 VMThread "VM Thread" [stack: 0x00000012b2a00000,0x00000012b2b00000] [id=23640]
  0x0000012b4095fe50 GCTaskThread "GC Thread#0" [stack: 0x00000012b2500000,0x00000012b2600000] [id=21344]
  0x0000012b666feca0 GCTaskThread "GC Thread#1" [stack: 0x00000012b4500000,0x00000012b4600000] [id=18216]
  0x0000012b666fef50 GCTaskThread "GC Thread#2" [stack: 0x00000012b4600000,0x00000012b4700000] [id=2540]
  0x0000012b666ff200 GCTaskThread "GC Thread#3" [stack: 0x00000012b4700000,0x00000012b4800000] [id=9484]
  0x0000012b666ff4b0 GCTaskThread "GC Thread#4" [stack: 0x00000012b4800000,0x00000012b4900000] [id=22988]
  0x0000012b665b5450 GCTaskThread "GC Thread#5" [stack: 0x00000012b4900000,0x00000012b4a00000] [id=17788]
  0x0000012b665b5700 GCTaskThread "GC Thread#6" [stack: 0x00000012b4a00000,0x00000012b4b00000] [id=15288]
  0x0000012b665b59b0 GCTaskThread "GC Thread#7" [stack: 0x00000012b4b00000,0x00000012b4c00000] [id=13200]
  0x0000012b40971180 ConcurrentGCThread "G1 Main Marker" terminated
  0x0000012b40971b90 ConcurrentGCThread "G1 Conc#0" [stack: 0x00000012b2700000,0x00000012b2800000] [id=8872]
  0x0000012b665b61c0 ConcurrentGCThread "G1 Conc#1" [stack: 0x00000012b4400000,0x00000012b4500000] [id=21932]
  0x0000012b633530d0 ConcurrentGCThread "G1 Refine#0" terminated
  0x0000012b71812890 ConcurrentGCThread "G1 Refine#1" terminated
  0x0000012b64b27ae0 ConcurrentGCThread "G1 Refine#2" terminated
  0x0000012b6629dfc0 ConcurrentGCThread "G1 Refine#3" terminated
  0x0000012b6695d570 ConcurrentGCThread "G1 Refine#4" terminated
  0x0000012b6dc0c820 ConcurrentGCThread "G1 Refine#5" terminated
  0x0000012b6e2db8d0 ConcurrentGCThread "G1 Refine#6" terminated
  0x0000012b6635ebb0 ConcurrentGCThread "G1 Refine#7" terminated
  0x0000012b63353af0 ConcurrentGCThread "G1 Service" terminated

Threads with active compile tasks:

VM state: at safepoint (shutting down)

VM Mutex/Monitor currently owned by a thread:  ([mutex/lock_event])
[0x0000012b4090b120] Threads_lock - owner thread: 0x0000012b63493530
[0x0000012b4090a3a0] Heap_lock - owner thread: 0x0000012b645bdf90

Heap address: 0x0000000703a00000, size: 4038 MB, Compressed Oops mode: Zero based, Oop shift amount: 3

CDS archive(s) mapped at: [0x0000000800000000-0x0000000800bc0000-0x0000000800bc0000), size 12320768, SharedBaseAddress: 0x0000000800000000, ArchiveRelocationMode: 0.
Compressed class space mapped at: 0x0000000800c00000-0x0000000840c00000, reserved size: 1073741824
Narrow klass base: 0x0000000800000000, Narrow klass shift: 0, Narrow klass range: 0x100000000

GC Precious Log:
 CPUs: 8 total, 8 available
 Memory: 16149M
 Large Page Support: Disabled
 NUMA Support: Disabled
 Compressed Oops: Enabled (Zero based)
 Heap Region Size: 2M
 Heap Min Capacity: 8M
 Heap Initial Capacity: 254M
 Heap Max Capacity: 4038M
 Pre-touch: Disabled
 Parallel Workers: 8
 Concurrent Workers: 2
 Concurrent Refinement Workers: 8
 Periodic GC: Disabled

Heap:
 garbage-first heap   total 776192K, used 495072K [0x0000000703a00000, 0x0000000800000000)
  region size 2048K, 22 young (45056K), 5 survivors (10240K)
 Metaspace       used 19032K, committed 19264K, reserved 1073152K
  class space    used 1809K, committed 1920K, reserved 1048576K

Heap Regions: E=young(eden), S=young(survivor), O=old, HS=humongous(starts), HC=humongous(continues), CS=collection set, F=free, OA=open archive, CA=closed archive, TAMS=top-at-mark-start (previous, next)
|   0|0x0000000703a00000, 0x0000000703c00000, 0x0000000703c00000|100%| O|  |TAMS 0x0000000703c00000, 0x0000000703a00000| Untracked 
|   1|0x0000000703c00000, 0x0000000703e00000, 0x0000000703e00000|100%| O|  |TAMS 0x0000000703e00000, 0x0000000703c00000| Untracked 
|   2|0x0000000703e00000, 0x0000000704000000, 0x0000000704000000|100%|HS|  |TAMS 0x0000000704000000, 0x0000000703e00000| Complete 
|   3|0x0000000704000000, 0x0000000704200000, 0x0000000704200000|100%|HC|  |TAMS 0x0000000704200000, 0x0000000704000000| Complete 
|   4|0x0000000704200000, 0x0000000704400000, 0x0000000704400000|100%|HC|  |TAMS 0x0000000704400000, 0x0000000704200000| Complete 
|   5|0x0000000704400000, 0x0000000704600000, 0x0000000704600000|100%|HC|  |TAMS 0x0000000704600000, 0x0000000704400000| Complete 
|   6|0x0000000704600000, 0x0000000704800000, 0x0000000704800000|100%| O|  |TAMS 0x0000000704800000, 0x0000000704600000| Untracked 
|   7|0x0000000704800000, 0x0000000704a00000, 0x0000000704a00000|100%| O|  |TAMS 0x0000000704a00000, 0x0000000704800000| Untracked 
|   8|0x0000000704a00000, 0x0000000704c00000, 0x0000000704c00000|100%| O|  |TAMS 0x0000000704c00000, 0x0000000704a00000| Untracked 
|   9|0x0000000704c00000, 0x0000000704e00000, 0x0000000704e00000|100%| O|  |TAMS 0x0000000704e00000, 0x0000000704c00000| Untracked 
|  10|0x0000000704e00000, 0x0000000705000000, 0x0000000705000000|100%| O|  |TAMS 0x0000000705000000, 0x0000000704e00000| Untracked 
|  11|0x0000000705000000, 0x0000000705200000, 0x0000000705200000|100%| O|  |TAMS 0x0000000705200000, 0x0000000705000000| Untracked 
|  12|0x0000000705200000, 0x0000000705400000, 0x0000000705400000|100%| O|  |TAMS 0x0000000705400000, 0x0000000705200000| Untracked 
|  13|0x0000000705400000, 0x0000000705600000, 0x0000000705600000|100%| O|  |TAMS 0x0000000705600000, 0x0000000705400000| Untracked 
|  14|0x0000000705600000, 0x0000000705800000, 0x0000000705800000|100%| O|  |TAMS 0x0000000705800000, 0x0000000705600000| Untracked 
|  15|0x0000000705800000, 0x0000000705a00000, 0x0000000705a00000|100%| O|  |TAMS 0x0000000705a00000, 0x0000000705800000| Untracked 
|  16|0x0000000705a00000, 0x0000000705c00000, 0x0000000705c00000|100%| O|  |TAMS 0x0000000705c00000, 0x0000000705a00000| Untracked 
|  17|0x0000000705c00000, 0x0000000705e00000, 0x0000000705e00000|100%| O|  |TAMS 0x0000000705e00000, 0x0000000705c00000| Untracked 
|  18|0x0000000705e00000, 0x0000000706000000, 0x0000000706000000|100%| O|  |TAMS 0x0000000706000000, 0x0000000705e00000| Untracked 
|  19|0x0000000706000000, 0x0000000706200000, 0x0000000706200000|100%| O|  |TAMS 0x0000000706200000, 0x0000000706000000| Untracked 
|  20|0x0000000706200000, 0x0000000706400000, 0x0000000706400000|100%| O|  |TAMS 0x0000000706400000, 0x0000000706200000| Untracked 
|  21|0x0000000706400000, 0x0000000706600000, 0x0000000706600000|100%| O|  |TAMS 0x0000000706600000, 0x0000000706400000| Untracked 
|  22|0x0000000706600000, 0x0000000706800000, 0x0000000706800000|100%| O|  |TAMS 0x0000000706800000, 0x0000000706600000| Untracked 
|  23|0x0000000706800000, 0x0000000706a00000, 0x0000000706a00000|100%| O|  |TAMS 0x0000000706a00000, 0x0000000706800000| Untracked 
|  24|0x0000000706a00000, 0x0000000706c00000, 0x0000000706c00000|100%| O|  |TAMS 0x0000000706c00000, 0x0000000706a00000| Untracked 
|  25|0x0000000706c00000, 0x0000000706e00000, 0x0000000706e00000|100%| O|  |TAMS 0x0000000706e00000, 0x0000000706c00000| Untracked 
|  26|0x0000000706e00000, 0x0000000707000000, 0x0000000707000000|100%| O|  |TAMS 0x0000000707000000, 0x0000000706e00000| Untracked 
|  27|0x0000000707000000, 0x0000000707200000, 0x0000000707200000|100%| O|  |TAMS 0x0000000707200000, 0x0000000707000000| Untracked 
|  28|0x0000000707200000, 0x0000000707400000, 0x0000000707400000|100%| O|  |TAMS 0x0000000707400000, 0x0000000707200000| Untracked 
|  29|0x0000000707400000, 0x0000000707600000, 0x0000000707600000|100%| O|  |TAMS 0x0000000707600000, 0x0000000707400000| Untracked 
|  30|0x0000000707600000, 0x0000000707800000, 0x0000000707800000|100%| O|  |TAMS 0x0000000707800000, 0x0000000707600000| Untracked 
|  31|0x0000000707800000, 0x0000000707a00000, 0x0000000707a00000|100%| O|  |TAMS 0x0000000707a00000, 0x0000000707800000| Untracked 
|  32|0x0000000707a00000, 0x0000000707c00000, 0x0000000707c00000|100%| O|  |TAMS 0x0000000707c00000, 0x0000000707a00000| Untracked 
|  33|0x0000000707c00000, 0x0000000707e00000, 0x0000000707e00000|100%| O|  |TAMS 0x0000000707e00000, 0x0000000707c00000| Untracked 
|  34|0x0000000707e00000, 0x0000000708000000, 0x0000000708000000|100%| O|  |TAMS 0x0000000708000000, 0x0000000707e00000| Untracked 
|  35|0x0000000708000000, 0x0000000708200000, 0x0000000708200000|100%| O|  |TAMS 0x0000000708200000, 0x0000000708000000| Untracked 
|  36|0x0000000708200000, 0x0000000708400000, 0x0000000708400000|100%| O|  |TAMS 0x0000000708400000, 0x0000000708200000| Untracked 
|  37|0x0000000708400000, 0x0000000708600000, 0x0000000708600000|100%| O|  |TAMS 0x0000000708600000, 0x0000000708400000| Untracked 
|  38|0x0000000708600000, 0x0000000708800000, 0x0000000708800000|100%| O|  |TAMS 0x0000000708800000, 0x0000000708600000| Untracked 
|  39|0x0000000708800000, 0x0000000708a00000, 0x0000000708a00000|100%| O|  |TAMS 0x0000000708a00000, 0x0000000708800000| Untracked 
|  40|0x0000000708a00000, 0x0000000708c00000, 0x0000000708c00000|100%| O|  |TAMS 0x0000000708c00000, 0x0000000708a00000| Untracked 
|  41|0x0000000708c00000, 0x0000000708e00000, 0x0000000708e00000|100%| O|  |TAMS 0x0000000708e00000, 0x0000000708c00000| Untracked 
|  42|0x0000000708e00000, 0x0000000709000000, 0x0000000709000000|100%| O|  |TAMS 0x0000000709000000, 0x0000000708e00000| Untracked 
|  43|0x0000000709000000, 0x0000000709200000, 0x0000000709200000|100%| O|  |TAMS 0x0000000709200000, 0x0000000709000000| Untracked 
|  44|0x0000000709200000, 0x0000000709400000, 0x0000000709400000|100%| O|  |TAMS 0x0000000709400000, 0x0000000709200000| Untracked 
|  45|0x0000000709400000, 0x0000000709600000, 0x0000000709600000|100%| O|  |TAMS 0x0000000709600000, 0x0000000709400000| Untracked 
|  46|0x0000000709600000, 0x0000000709800000, 0x0000000709800000|100%| O|  |TAMS 0x0000000709800000, 0x0000000709600000| Untracked 
|  47|0x0000000709800000, 0x0000000709a00000, 0x0000000709a00000|100%| O|  |TAMS 0x0000000709a00000, 0x0000000709800000| Untracked 
|  48|0x0000000709a00000, 0x0000000709c00000, 0x0000000709c00000|100%| O|  |TAMS 0x0000000709c00000, 0x0000000709a00000| Untracked 
|  49|0x0000000709c00000, 0x0000000709e00000, 0x0000000709e00000|100%| O|  |TAMS 0x0000000709e00000, 0x0000000709c00000| Untracked 
|  50|0x0000000709e00000, 0x000000070a000000, 0x000000070a000000|100%| O|  |TAMS 0x000000070a000000, 0x0000000709e00000| Untracked 
|  51|0x000000070a000000, 0x000000070a200000, 0x000000070a200000|100%| O|  |TAMS 0x000000070a200000, 0x000000070a000000| Untracked 
|  52|0x000000070a200000, 0x000000070a400000, 0x000000070a400000|100%| O|  |TAMS 0x000000070a400000, 0x000000070a200000| Untracked 
|  53|0x000000070a400000, 0x000000070a600000, 0x000000070a600000|100%| O|  |TAMS 0x000000070a600000, 0x000000070a400000| Untracked 
|  54|0x000000070a600000, 0x000000070a800000, 0x000000070a800000|100%| O|  |TAMS 0x000000070a800000, 0x000000070a600000| Untracked 
|  55|0x000000070a800000, 0x000000070aa00000, 0x000000070aa00000|100%| O|  |TAMS 0x000000070aa00000, 0x000000070a800000| Untracked 
|  56|0x000000070aa00000, 0x000000070ac00000, 0x000000070ac00000|100%| O|  |TAMS 0x000000070ac00000, 0x000000070aa00000| Untracked 
|  57|0x000000070ac00000, 0x000000070ae00000, 0x000000070ae00000|100%| O|  |TAMS 0x000000070ae00000, 0x000000070ac00000| Untracked 
|  58|0x000000070ae00000, 0x000000070b000000, 0x000000070b000000|100%| O|  |TAMS 0x000000070b000000, 0x000000070ae00000| Untracked 
|  59|0x000000070b000000, 0x000000070b200000, 0x000000070b200000|100%| O|  |TAMS 0x000000070b200000, 0x000000070b000000| Untracked 
|  60|0x000000070b200000, 0x000000070b400000, 0x000000070b400000|100%| O|  |TAMS 0x000000070b400000, 0x000000070b200000| Untracked 
|  61|0x000000070b400000, 0x000000070b600000, 0x000000070b600000|100%| O|  |TAMS 0x000000070b600000, 0x000000070b400000| Untracked 
|  62|0x000000070b600000, 0x000000070b800000, 0x000000070b800000|100%| O|  |TAMS 0x000000070b800000, 0x000000070b600000| Untracked 
|  63|0x000000070b800000, 0x000000070ba00000, 0x000000070ba00000|100%| O|  |TAMS 0x000000070ba00000, 0x000000070b800000| Untracked 
|  64|0x000000070ba00000, 0x000000070bc00000, 0x000000070bc00000|100%| O|  |TAMS 0x000000070bc00000, 0x000000070ba00000| Untracked 
|  65|0x000000070bc00000, 0x000000070be00000, 0x000000070be00000|100%| O|  |TAMS 0x000000070be00000, 0x000000070bc00000| Untracked 
|  66|0x000000070be00000, 0x000000070c000000, 0x000000070c000000|100%| O|  |TAMS 0x000000070c000000, 0x000000070be00000| Complete 
|  67|0x000000070c000000, 0x000000070c200000, 0x000000070c200000|100%| O|  |TAMS 0x000000070c200000, 0x000000070c000000| Untracked 
|  68|0x000000070c200000, 0x000000070c400000, 0x000000070c400000|100%| O|  |TAMS 0x000000070c400000, 0x000000070c200000| Untracked 
|  69|0x000000070c400000, 0x000000070c600000, 0x000000070c600000|100%| O|  |TAMS 0x000000070c600000, 0x000000070c400000| Untracked 
|  70|0x000000070c600000, 0x000000070c800000, 0x000000070c800000|100%| O|  |TAMS 0x000000070c800000, 0x000000070c600000| Untracked 
|  71|0x000000070c800000, 0x000000070ca00000, 0x000000070ca00000|100%| O|  |TAMS 0x000000070ca00000, 0x000000070c800000| Untracked 
|  72|0x000000070ca00000, 0x000000070cc00000, 0x000000070cc00000|100%| O|  |TAMS 0x000000070cc00000, 0x000000070ca00000| Untracked 
|  73|0x000000070cc00000, 0x000000070ce00000, 0x000000070ce00000|100%| O|  |TAMS 0x000000070ce00000, 0x000000070cc00000| Untracked 
|  74|0x000000070ce00000, 0x000000070d000000, 0x000000070d000000|100%| O|  |TAMS 0x000000070d000000, 0x000000070ce00000| Untracked 
|  75|0x000000070d000000, 0x000000070d200000, 0x000000070d200000|100%| O|  |TAMS 0x000000070d200000, 0x000000070d000000| Untracked 
|  76|0x000000070d200000, 0x000000070d400000, 0x000000070d400000|100%| O|  |TAMS 0x000000070d400000, 0x000000070d200000| Untracked 
|  77|0x000000070d400000, 0x000000070d600000, 0x000000070d600000|100%| O|  |TAMS 0x000000070d600000, 0x000000070d400000| Untracked 
|  78|0x000000070d600000, 0x000000070d800000, 0x000000070d800000|100%| O|  |TAMS 0x000000070d800000, 0x000000070d600000| Untracked 
|  79|0x000000070d800000, 0x000000070da00000, 0x000000070da00000|100%| O|  |TAMS 0x000000070da00000, 0x000000070d800000| Untracked 
|  80|0x000000070da00000, 0x000000070dc00000, 0x000000070dc00000|100%| O|  |TAMS 0x000000070dc00000, 0x000000070da00000| Untracked 
|  81|0x000000070dc00000, 0x000000070de00000, 0x000000070de00000|100%| O|  |TAMS 0x000000070de00000, 0x000000070dc00000| Untracked 
|  82|0x000000070de00000, 0x000000070e000000, 0x000000070e000000|100%| O|  |TAMS 0x000000070e000000, 0x000000070de00000| Untracked 
|  83|0x000000070e000000, 0x000000070e200000, 0x000000070e200000|100%| O|  |TAMS 0x000000070e200000, 0x000000070e000000| Untracked 
|  84|0x000000070e200000, 0x000000070e400000, 0x000000070e400000|100%| O|  |TAMS 0x000000070e400000, 0x000000070e200000| Untracked 
|  85|0x000000070e400000, 0x000000070e600000, 0x000000070e600000|100%| O|  |TAMS 0x000000070e600000, 0x000000070e400000| Untracked 
|  86|0x000000070e600000, 0x000000070e800000, 0x000000070e800000|100%| O|  |TAMS 0x000000070e800000, 0x000000070e600000| Untracked 
|  87|0x000000070e800000, 0x000000070ea00000, 0x000000070ea00000|100%| O|  |TAMS 0x000000070ea00000, 0x000000070e800000| Untracked 
|  88|0x000000070ea00000, 0x000000070ec00000, 0x000000070ec00000|100%| O|  |TAMS 0x000000070ec00000, 0x000000070ea00000| Untracked 
|  89|0x000000070ec00000, 0x000000070ee00000, 0x000000070ee00000|100%| O|  |TAMS 0x000000070ee00000, 0x000000070ec00000| Untracked 
|  90|0x000000070ee00000, 0x000000070f000000, 0x000000070f000000|100%| O|  |TAMS 0x000000070f000000, 0x000000070ee00000| Untracked 
|  91|0x000000070f000000, 0x000000070f200000, 0x000000070f200000|100%| O|  |TAMS 0x000000070f200000, 0x000000070f000000| Untracked 
|  92|0x000000070f200000, 0x000000070f400000, 0x000000070f400000|100%| O|  |TAMS 0x000000070f400000, 0x000000070f200000| Untracked 
|  93|0x000000070f400000, 0x000000070f600000, 0x000000070f600000|100%| O|  |TAMS 0x000000070f600000, 0x000000070f400000| Untracked 
|  94|0x000000070f600000, 0x000000070f800000, 0x000000070f800000|100%| O|  |TAMS 0x000000070f800000, 0x000000070f600000| Untracked 
|  95|0x000000070f800000, 0x000000070fa00000, 0x000000070fa00000|100%| O|  |TAMS 0x000000070fa00000, 0x000000070f800000| Untracked 
|  96|0x000000070fa00000, 0x000000070fc00000, 0x000000070fc00000|100%| O|  |TAMS 0x000000070fc00000, 0x000000070fa00000| Untracked 
|  97|0x000000070fc00000, 0x000000070fe00000, 0x000000070fe00000|100%| O|  |TAMS 0x000000070fe00000, 0x000000070fc00000| Untracked 
|  98|0x000000070fe00000, 0x0000000710000000, 0x0000000710000000|100%| O|  |TAMS 0x0000000710000000, 0x000000070fe00000| Untracked 
|  99|0x0000000710000000, 0x0000000710200000, 0x0000000710200000|100%| O|  |TAMS 0x0000000710200000, 0x0000000710000000| Untracked 
| 100|0x0000000710200000, 0x0000000710400000, 0x0000000710400000|100%| O|  |TAMS 0x0000000710400000, 0x0000000710200000| Untracked 
| 101|0x0000000710400000, 0x0000000710600000, 0x0000000710600000|100%| O|  |TAMS 0x0000000710600000, 0x0000000710400000| Untracked 
| 102|0x0000000710600000, 0x0000000710800000, 0x0000000710800000|100%| O|  |TAMS 0x0000000710800000, 0x0000000710600000| Untracked 
| 103|0x0000000710800000, 0x0000000710a00000, 0x0000000710a00000|100%| O|  |TAMS 0x0000000710a00000, 0x0000000710800000| Untracked 
| 104|0x0000000710a00000, 0x0000000710c00000, 0x0000000710c00000|100%| O|  |TAMS 0x0000000710c00000, 0x0000000710a00000| Untracked 
| 105|0x0000000710c00000, 0x0000000710e00000, 0x0000000710e00000|100%| O|  |TAMS 0x0000000710e00000, 0x0000000710c00000| Untracked 
| 106|0x0000000710e00000, 0x0000000711000000, 0x0000000711000000|100%| O|  |TAMS 0x0000000711000000, 0x0000000710e00000| Untracked 
| 107|0x0000000711000000, 0x0000000711200000, 0x0000000711200000|100%| O|  |TAMS 0x0000000711200000, 0x0000000711000000| Untracked 
| 108|0x0000000711200000, 0x0000000711400000, 0x0000000711400000|100%| O|  |TAMS 0x0000000711400000, 0x0000000711200000| Untracked 
| 109|0x0000000711400000, 0x0000000711600000, 0x0000000711600000|100%| O|  |TAMS 0x0000000711600000, 0x0000000711400000| Untracked 
| 110|0x0000000711600000, 0x0000000711800000, 0x0000000711800000|100%| O|  |TAMS 0x0000000711800000, 0x0000000711600000| Untracked 
| 111|0x0000000711800000, 0x0000000711a00000, 0x0000000711a00000|100%| O|  |TAMS 0x0000000711a00000, 0x0000000711800000| Untracked 
| 112|0x0000000711a00000, 0x0000000711c00000, 0x0000000711c00000|100%| O|  |TAMS 0x0000000711c00000, 0x0000000711a00000| Untracked 
| 113|0x0000000711c00000, 0x0000000711e00000, 0x0000000711e00000|100%| O|  |TAMS 0x0000000711e00000, 0x0000000711c00000| Untracked 
| 114|0x0000000711e00000, 0x0000000712000000, 0x0000000712000000|100%| O|  |TAMS 0x0000000712000000, 0x0000000711e00000| Untracked 
| 115|0x0000000712000000, 0x0000000712200000, 0x0000000712200000|100%| O|  |TAMS 0x0000000712200000, 0x0000000712000000| Untracked 
| 116|0x0000000712200000, 0x0000000712400000, 0x0000000712400000|100%| O|  |TAMS 0x0000000712400000, 0x0000000712200000| Untracked 
| 117|0x0000000712400000, 0x0000000712600000, 0x0000000712600000|100%| O|  |TAMS 0x0000000712600000, 0x0000000712400000| Untracked 
| 118|0x0000000712600000, 0x0000000712800000, 0x0000000712800000|100%| O|  |TAMS 0x0000000712800000, 0x0000000712600000| Untracked 
| 119|0x0000000712800000, 0x0000000712a00000, 0x0000000712a00000|100%| O|  |TAMS 0x0000000712a00000, 0x0000000712800000| Untracked 
| 120|0x0000000712a00000, 0x0000000712c00000, 0x0000000712c00000|100%| O|  |TAMS 0x0000000712c00000, 0x0000000712a00000| Untracked 
| 121|0x0000000712c00000, 0x0000000712e00000, 0x0000000712e00000|100%| O|  |TAMS 0x0000000712e00000, 0x0000000712c00000| Untracked 
| 122|0x0000000712e00000, 0x0000000713000000, 0x0000000713000000|100%| O|  |TAMS 0x0000000713000000, 0x0000000712e00000| Untracked 
| 123|0x0000000713000000, 0x0000000713200000, 0x0000000713200000|100%| O|  |TAMS 0x0000000713200000, 0x0000000713000000| Untracked 
| 124|0x0000000713200000, 0x0000000713200000, 0x0000000713400000|  0%| F|  |TAMS 0x0000000713200000, 0x0000000713200000| Untracked 
| 125|0x0000000713400000, 0x0000000713600000, 0x0000000713600000|100%| O|  |TAMS 0x0000000713600000, 0x0000000713400000| Untracked 
| 126|0x0000000713600000, 0x0000000713800000, 0x0000000713800000|100%| O|  |TAMS 0x0000000713800000, 0x0000000713600000| Untracked 
| 127|0x0000000713800000, 0x0000000713a00000, 0x0000000713a00000|100%| O|  |TAMS 0x0000000713a00000, 0x0000000713800000| Untracked 
| 128|0x0000000713a00000, 0x0000000713c00000, 0x0000000713c00000|100%| O|  |TAMS 0x0000000713c00000, 0x0000000713a00000| Untracked 
| 129|0x0000000713c00000, 0x0000000713e00000, 0x0000000713e00000|100%| O|  |TAMS 0x0000000713e00000, 0x0000000713c00000| Untracked 
| 130|0x0000000713e00000, 0x0000000714000000, 0x0000000714000000|100%| O|  |TAMS 0x0000000714000000, 0x0000000713e00000| Untracked 
| 131|0x0000000714000000, 0x0000000714200000, 0x0000000714200000|100%| O|  |TAMS 0x0000000714200000, 0x0000000714000000| Untracked 
| 132|0x0000000714200000, 0x0000000714400000, 0x0000000714400000|100%| O|  |TAMS 0x0000000714400000, 0x0000000714200000| Untracked 
| 133|0x0000000714400000, 0x0000000714600000, 0x0000000714600000|100%| O|  |TAMS 0x0000000714600000, 0x0000000714400000| Untracked 
| 134|0x0000000714600000, 0x0000000714800000, 0x0000000714800000|100%| O|  |TAMS 0x0000000714800000, 0x0000000714600000| Untracked 
| 135|0x0000000714800000, 0x0000000714a00000, 0x0000000714a00000|100%| O|  |TAMS 0x0000000714a00000, 0x0000000714800000| Untracked 
| 136|0x0000000714a00000, 0x0000000714c00000, 0x0000000714c00000|100%| O|  |TAMS 0x0000000714c00000, 0x0000000714a00000| Untracked 
| 137|0x0000000714c00000, 0x0000000714c00000, 0x0000000714e00000|  0%| F|  |TAMS 0x0000000714c00000, 0x0000000714c00000| Untracked 
| 138|0x0000000714e00000, 0x0000000715000000, 0x0000000715000000|100%| O|  |TAMS 0x0000000715000000, 0x0000000714e00000| Untracked 
| 139|0x0000000715000000, 0x0000000715200000, 0x0000000715200000|100%| O|  |TAMS 0x0000000715200000, 0x0000000715000000| Untracked 
| 140|0x0000000715200000, 0x0000000715400000, 0x0000000715400000|100%| O|  |TAMS 0x0000000715400000, 0x0000000715200000| Untracked 
| 141|0x0000000715400000, 0x0000000715600000, 0x0000000715600000|100%| O|  |TAMS 0x0000000715600000, 0x0000000715400000| Untracked 
| 142|0x0000000715600000, 0x0000000715800000, 0x0000000715800000|100%| O|  |TAMS 0x0000000715800000, 0x0000000715600000| Untracked 
| 143|0x0000000715800000, 0x0000000715a00000, 0x0000000715a00000|100%| O|  |TAMS 0x0000000715a00000, 0x0000000715800000| Untracked 
| 144|0x0000000715a00000, 0x0000000715c00000, 0x0000000715c00000|100%| O|  |TAMS 0x0000000715c00000, 0x0000000715a00000| Untracked 
| 145|0x0000000715c00000, 0x0000000715e00000, 0x0000000715e00000|100%| O|  |TAMS 0x0000000715e00000, 0x0000000715c00000| Untracked 
| 146|0x0000000715e00000, 0x0000000716000000, 0x0000000716000000|100%| O|  |TAMS 0x0000000716000000, 0x0000000715e00000| Untracked 
| 147|0x0000000716000000, 0x0000000716200000, 0x0000000716200000|100%| O|  |TAMS 0x0000000716200000, 0x0000000716000000| Untracked 
| 148|0x0000000716200000, 0x0000000716400000, 0x0000000716400000|100%| O|  |TAMS 0x0000000716400000, 0x0000000716200000| Untracked 
| 149|0x0000000716400000, 0x0000000716600000, 0x0000000716600000|100%| O|  |TAMS 0x0000000716600000, 0x0000000716400000| Untracked 
| 150|0x0000000716600000, 0x0000000716800000, 0x0000000716800000|100%| O|  |TAMS 0x0000000716800000, 0x0000000716600000| Untracked 
| 151|0x0000000716800000, 0x0000000716a00000, 0x0000000716a00000|100%| O|  |TAMS 0x0000000716a00000, 0x0000000716800000| Untracked 
| 152|0x0000000716a00000, 0x0000000716c00000, 0x0000000716c00000|100%| O|  |TAMS 0x0000000716c00000, 0x0000000716a00000| Untracked 
| 153|0x0000000716c00000, 0x0000000716e00000, 0x0000000716e00000|100%| O|  |TAMS 0x0000000716e00000, 0x0000000716c00000| Untracked 
| 154|0x0000000716e00000, 0x0000000717000000, 0x0000000717000000|100%| O|  |TAMS 0x0000000717000000, 0x0000000716e00000| Untracked 
| 155|0x0000000717000000, 0x0000000717200000, 0x0000000717200000|100%| O|  |TAMS 0x0000000717200000, 0x0000000717000000| Untracked 
| 156|0x0000000717200000, 0x0000000717400000, 0x0000000717400000|100%| O|  |TAMS 0x0000000717400000, 0x0000000717200000| Untracked 
| 157|0x0000000717400000, 0x0000000717600000, 0x0000000717600000|100%| O|  |TAMS 0x0000000717600000, 0x0000000717400000| Untracked 
| 158|0x0000000717600000, 0x0000000717800000, 0x0000000717800000|100%| O|  |TAMS 0x0000000717800000, 0x0000000717600000| Untracked 
| 159|0x0000000717800000, 0x0000000717a00000, 0x0000000717a00000|100%| O|  |TAMS 0x0000000717a00000, 0x0000000717800000| Untracked 
| 160|0x0000000717a00000, 0x0000000717c00000, 0x0000000717c00000|100%| O|  |TAMS 0x0000000717c00000, 0x0000000717a00000| Untracked 
| 161|0x0000000717c00000, 0x0000000717e00000, 0x0000000717e00000|100%| O|  |TAMS 0x0000000717e00000, 0x0000000717c00000| Untracked 
| 162|0x0000000717e00000, 0x0000000718000000, 0x0000000718000000|100%| O|  |TAMS 0x0000000718000000, 0x0000000717e00000| Untracked 
| 163|0x0000000718000000, 0x0000000718200000, 0x0000000718200000|100%| O|  |TAMS 0x0000000718200000, 0x0000000718000000| Untracked 
| 164|0x0000000718200000, 0x0000000718400000, 0x0000000718400000|100%| O|  |TAMS 0x0000000718400000, 0x0000000718200000| Untracked 
| 165|0x0000000718400000, 0x0000000718600000, 0x0000000718600000|100%| O|  |TAMS 0x0000000718600000, 0x0000000718400000| Untracked 
| 166|0x0000000718600000, 0x0000000718800000, 0x0000000718800000|100%| O|  |TAMS 0x0000000718800000, 0x0000000718600000| Untracked 
| 167|0x0000000718800000, 0x0000000718a00000, 0x0000000718a00000|100%| O|  |TAMS 0x0000000718a00000, 0x0000000718800000| Untracked 
| 168|0x0000000718a00000, 0x0000000718c00000, 0x0000000718c00000|100%| O|  |TAMS 0x0000000718c00000, 0x0000000718a00000| Untracked 
| 169|0x0000000718c00000, 0x0000000718e00000, 0x0000000718e00000|100%| O|  |TAMS 0x0000000718e00000, 0x0000000718c00000| Untracked 
| 170|0x0000000718e00000, 0x0000000719000000, 0x0000000719000000|100%| O|  |TAMS 0x0000000719000000, 0x0000000718e00000| Untracked 
| 171|0x0000000719000000, 0x0000000719200000, 0x0000000719200000|100%| O|  |TAMS 0x0000000719200000, 0x0000000719000000| Untracked 
| 172|0x0000000719200000, 0x0000000719400000, 0x0000000719400000|100%| O|  |TAMS 0x0000000719400000, 0x0000000719200000| Untracked 
| 173|0x0000000719400000, 0x0000000719600000, 0x0000000719600000|100%| O|  |TAMS 0x0000000719600000, 0x0000000719400000| Untracked 
| 174|0x0000000719600000, 0x0000000719800000, 0x0000000719800000|100%| O|  |TAMS 0x0000000719800000, 0x0000000719600000| Untracked 
| 175|0x0000000719800000, 0x0000000719a00000, 0x0000000719a00000|100%| O|  |TAMS 0x0000000719a00000, 0x0000000719800000| Untracked 
| 176|0x0000000719a00000, 0x0000000719c00000, 0x0000000719c00000|100%| O|  |TAMS 0x0000000719c00000, 0x0000000719a00000| Untracked 
| 177|0x0000000719c00000, 0x0000000719e00000, 0x0000000719e00000|100%| O|  |TAMS 0x0000000719e00000, 0x0000000719c00000| Untracked 
| 178|0x0000000719e00000, 0x000000071a000000, 0x000000071a000000|100%| O|  |TAMS 0x000000071a000000, 0x0000000719e00000| Untracked 
| 179|0x000000071a000000, 0x000000071a200000, 0x000000071a200000|100%| O|  |TAMS 0x000000071a200000, 0x000000071a000000| Untracked 
| 180|0x000000071a200000, 0x000000071a400000, 0x000000071a400000|100%| O|  |TAMS 0x000000071a400000, 0x000000071a200000| Untracked 
| 181|0x000000071a400000, 0x000000071a600000, 0x000000071a600000|100%| O|  |TAMS 0x000000071a600000, 0x000000071a400000| Untracked 
| 182|0x000000071a600000, 0x000000071a800000, 0x000000071a800000|100%| O|  |TAMS 0x000000071a800000, 0x000000071a600000| Untracked 
| 183|0x000000071a800000, 0x000000071aa00000, 0x000000071aa00000|100%| O|  |TAMS 0x000000071aa00000, 0x000000071a800000| Untracked 
| 184|0x000000071aa00000, 0x000000071ac00000, 0x000000071ac00000|100%| O|  |TAMS 0x000000071ac00000, 0x000000071aa00000| Untracked 
| 185|0x000000071ac00000, 0x000000071ae00000, 0x000000071ae00000|100%| O|  |TAMS 0x000000071ae00000, 0x000000071ac00000| Untracked 
| 186|0x000000071ae00000, 0x000000071b000000, 0x000000071b000000|100%| O|  |TAMS 0x000000071b000000, 0x000000071ae00000| Untracked 
| 187|0x000000071b000000, 0x000000071b200000, 0x000000071b200000|100%| O|  |TAMS 0x000000071b200000, 0x000000071b000000| Untracked 
| 188|0x000000071b200000, 0x000000071b400000, 0x000000071b400000|100%| O|  |TAMS 0x000000071b400000, 0x000000071b200000| Untracked 
| 189|0x000000071b400000, 0x000000071b600000, 0x000000071b600000|100%| O|  |TAMS 0x000000071b600000, 0x000000071b400000| Untracked 
| 190|0x000000071b600000, 0x000000071b800000, 0x000000071b800000|100%| O|  |TAMS 0x000000071b800000, 0x000000071b600000| Untracked 
| 191|0x000000071b800000, 0x000000071ba00000, 0x000000071ba00000|100%| O|  |TAMS 0x000000071ba00000, 0x000000071b800000| Untracked 
| 192|0x000000071ba00000, 0x000000071bc00000, 0x000000071bc00000|100%| O|  |TAMS 0x000000071bc00000, 0x000000071ba00000| Untracked 
| 193|0x000000071bc00000, 0x000000071be00000, 0x000000071be00000|100%| O|  |TAMS 0x000000071be00000, 0x000000071bc00000| Untracked 
| 194|0x000000071be00000, 0x000000071c000000, 0x000000071c000000|100%| O|  |TAMS 0x000000071c000000, 0x000000071be00000| Untracked 
| 195|0x000000071c000000, 0x000000071c200000, 0x000000071c200000|100%| O|  |TAMS 0x000000071c200000, 0x000000071c000000| Untracked 
| 196|0x000000071c200000, 0x000000071c400000, 0x000000071c400000|100%| O|  |TAMS 0x000000071c400000, 0x000000071c200000| Untracked 
| 197|0x000000071c400000, 0x000000071c600000, 0x000000071c600000|100%| O|  |TAMS 0x000000071c600000, 0x000000071c400000| Untracked 
| 198|0x000000071c600000, 0x000000071c800000, 0x000000071c800000|100%| O|  |TAMS 0x000000071c800000, 0x000000071c600000| Untracked 
| 199|0x000000071c800000, 0x000000071ca00000, 0x000000071ca00000|100%| O|  |TAMS 0x000000071ca00000, 0x000000071c800000| Untracked 
| 200|0x000000071ca00000, 0x000000071cc00000, 0x000000071cc00000|100%| O|  |TAMS 0x000000071cc00000, 0x000000071ca00000| Untracked 
| 201|0x000000071cc00000, 0x000000071ce00000, 0x000000071ce00000|100%| O|  |TAMS 0x000000071ce00000, 0x000000071cc00000| Untracked 
| 202|0x000000071ce00000, 0x000000071d000000, 0x000000071d000000|100%| O|  |TAMS 0x000000071d000000, 0x000000071ce00000| Untracked 
| 203|0x000000071d000000, 0x000000071d200000, 0x000000071d200000|100%| O|  |TAMS 0x000000071d200000, 0x000000071d000000| Untracked 
| 204|0x000000071d200000, 0x000000071d400000, 0x000000071d400000|100%| O|  |TAMS 0x000000071d400000, 0x000000071d200000| Untracked 
| 205|0x000000071d400000, 0x000000071d600000, 0x000000071d600000|100%| O|  |TAMS 0x000000071d600000, 0x000000071d400000| Untracked 
| 206|0x000000071d600000, 0x000000071d800000, 0x000000071d800000|100%| O|  |TAMS 0x000000071d800000, 0x000000071d600000| Untracked 
| 207|0x000000071d800000, 0x000000071da00000, 0x000000071da00000|100%| O|  |TAMS 0x000000071da00000, 0x000000071d800000| Untracked 
| 208|0x000000071da00000, 0x000000071dc00000, 0x000000071dc00000|100%| O|  |TAMS 0x000000071dc00000, 0x000000071da00000| Untracked 
| 209|0x000000071dc00000, 0x000000071de00000, 0x000000071de00000|100%| O|  |TAMS 0x000000071de00000, 0x000000071dc00000| Untracked 
| 210|0x000000071de00000, 0x000000071e000000, 0x000000071e000000|100%| O|  |TAMS 0x000000071e000000, 0x000000071de00000| Complete 
| 211|0x000000071e000000, 0x000000071e200000, 0x000000071e200000|100%| O|  |TAMS 0x000000071e200000, 0x000000071e000000| Untracked 
| 212|0x000000071e200000, 0x000000071e400000, 0x000000071e400000|100%| O|  |TAMS 0x000000071e400000, 0x000000071e200000| Untracked 
| 213|0x000000071e400000, 0x000000071e600000, 0x000000071e600000|100%| O|  |TAMS 0x000000071e600000, 0x000000071e400000| Untracked 
| 214|0x000000071e600000, 0x000000071e800000, 0x000000071e800000|100%| O|  |TAMS 0x000000071e800000, 0x000000071e600000| Untracked 
| 215|0x000000071e800000, 0x000000071ea00000, 0x000000071ea00000|100%| O|  |TAMS 0x000000071ea00000, 0x000000071e800000| Untracked 
| 216|0x000000071ea00000, 0x000000071ec00000, 0x000000071ec00000|100%| O|  |TAMS 0x000000071ec00000, 0x000000071ea00000| Untracked 
| 217|0x000000071ec00000, 0x000000071ee00000, 0x000000071ee00000|100%| O|  |TAMS 0x000000071ee00000, 0x000000071ec00000| Untracked 
| 218|0x000000071ee00000, 0x000000071f000000, 0x000000071f000000|100%| O|  |TAMS 0x000000071f000000, 0x000000071ee00000| Untracked 
| 219|0x000000071f000000, 0x000000071f200000, 0x000000071f200000|100%| O|  |TAMS 0x000000071f200000, 0x000000071f000000| Untracked 
| 220|0x000000071f200000, 0x000000071f400000, 0x000000071f400000|100%| O|  |TAMS 0x000000071f400000, 0x000000071f200000| Untracked 
| 221|0x000000071f400000, 0x000000071f600000, 0x000000071f600000|100%| O|  |TAMS 0x000000071f600000, 0x000000071f400000| Untracked 
| 222|0x000000071f600000, 0x000000071f800000, 0x000000071f800000|100%| O|  |TAMS 0x000000071f800000, 0x000000071f600000| Complete 
| 223|0x000000071f800000, 0x000000071f800000, 0x000000071fa00000|  0%| F|  |TAMS 0x000000071f800000, 0x000000071f800000| Untracked 
| 224|0x000000071fa00000, 0x000000071fa00000, 0x000000071fc00000|  0%| F|  |TAMS 0x000000071fa00000, 0x000000071fa00000| Untracked 
| 225|0x000000071fc00000, 0x000000071fc00000, 0x000000071fe00000|  0%| F|  |TAMS 0x000000071fc00000, 0x000000071fc00000| Untracked 
| 226|0x000000071fe00000, 0x000000071fe00000, 0x0000000720000000|  0%| F|  |TAMS 0x000000071fe00000, 0x000000071fe00000| Untracked 
| 227|0x0000000720000000, 0x0000000720000000, 0x0000000720200000|  0%| F|  |TAMS 0x0000000720000000, 0x0000000720000000| Untracked 
| 228|0x0000000720200000, 0x0000000720200000, 0x0000000720400000|  0%| F|  |TAMS 0x0000000720200000, 0x0000000720200000| Untracked 
| 229|0x0000000720400000, 0x0000000720400000, 0x0000000720600000|  0%| F|  |TAMS 0x0000000720400000, 0x0000000720400000| Untracked 
| 230|0x0000000720600000, 0x0000000720600000, 0x0000000720800000|  0%| F|  |TAMS 0x0000000720600000, 0x0000000720600000| Untracked 
| 231|0x0000000720800000, 0x0000000720800000, 0x0000000720a00000|  0%| F|  |TAMS 0x0000000720800000, 0x0000000720800000| Untracked 
| 232|0x0000000720a00000, 0x0000000720a00000, 0x0000000720c00000|  0%| F|  |TAMS 0x0000000720a00000, 0x0000000720a00000| Untracked 
| 233|0x0000000720c00000, 0x0000000720c00000, 0x0000000720e00000|  0%| F|  |TAMS 0x0000000720c00000, 0x0000000720c00000| Untracked 
| 234|0x0000000720e00000, 0x0000000720e00000, 0x0000000721000000|  0%| F|  |TAMS 0x0000000720e00000, 0x0000000720e00000| Untracked 
| 235|0x0000000721000000, 0x0000000721000000, 0x0000000721200000|  0%| F|  |TAMS 0x0000000721000000, 0x0000000721000000| Untracked 
| 236|0x0000000721200000, 0x0000000721200000, 0x0000000721400000|  0%| F|  |TAMS 0x0000000721200000, 0x0000000721200000| Untracked 
| 237|0x0000000721400000, 0x0000000721400000, 0x0000000721600000|  0%| F|  |TAMS 0x0000000721400000, 0x0000000721400000| Untracked 
| 238|0x0000000721600000, 0x0000000721600000, 0x0000000721800000|  0%| F|  |TAMS 0x0000000721600000, 0x0000000721600000| Untracked 
| 239|0x0000000721800000, 0x0000000721800000, 0x0000000721a00000|  0%| F|  |TAMS 0x0000000721800000, 0x0000000721800000| Untracked 
| 240|0x0000000721a00000, 0x0000000721a00000, 0x0000000721c00000|  0%| F|  |TAMS 0x0000000721a00000, 0x0000000721a00000| Untracked 
| 241|0x0000000721c00000, 0x0000000721c00000, 0x0000000721e00000|  0%| F|  |TAMS 0x0000000721c00000, 0x0000000721c00000| Untracked 
| 242|0x0000000721e00000, 0x0000000721e00000, 0x0000000722000000|  0%| F|  |TAMS 0x0000000721e00000, 0x0000000721e00000| Untracked 
| 243|0x0000000722000000, 0x0000000722000000, 0x0000000722200000|  0%| F|  |TAMS 0x0000000722000000, 0x0000000722000000| Untracked 
| 244|0x0000000722200000, 0x0000000722200000, 0x0000000722400000|  0%| F|  |TAMS 0x0000000722200000, 0x0000000722200000| Untracked 
| 245|0x0000000722400000, 0x0000000722400000, 0x0000000722600000|  0%| F|  |TAMS 0x0000000722400000, 0x0000000722400000| Untracked 
| 246|0x0000000722600000, 0x0000000722600000, 0x0000000722800000|  0%| F|  |TAMS 0x0000000722600000, 0x0000000722600000| Untracked 
| 247|0x0000000722800000, 0x0000000722800000, 0x0000000722a00000|  0%| F|  |TAMS 0x0000000722800000, 0x0000000722800000| Untracked 
| 248|0x0000000722a00000, 0x0000000722a00000, 0x0000000722c00000|  0%| F|  |TAMS 0x0000000722a00000, 0x0000000722a00000| Untracked 
| 249|0x0000000722c00000, 0x0000000722c00000, 0x0000000722e00000|  0%| F|  |TAMS 0x0000000722c00000, 0x0000000722c00000| Untracked 
| 250|0x0000000722e00000, 0x0000000722e00000, 0x0000000723000000|  0%| F|  |TAMS 0x0000000722e00000, 0x0000000722e00000| Untracked 
| 251|0x0000000723000000, 0x0000000723000000, 0x0000000723200000|  0%| F|  |TAMS 0x0000000723000000, 0x0000000723000000| Untracked 
| 252|0x0000000723200000, 0x0000000723200000, 0x0000000723400000|  0%| F|  |TAMS 0x0000000723200000, 0x0000000723200000| Untracked 
| 253|0x0000000723400000, 0x0000000723400000, 0x0000000723600000|  0%| F|  |TAMS 0x0000000723400000, 0x0000000723400000| Untracked 
| 254|0x0000000723600000, 0x0000000723600000, 0x0000000723800000|  0%| F|  |TAMS 0x0000000723600000, 0x0000000723600000| Untracked 
| 255|0x0000000723800000, 0x0000000723800000, 0x0000000723a00000|  0%| F|  |TAMS 0x0000000723800000, 0x0000000723800000| Untracked 
| 256|0x0000000723a00000, 0x0000000723a00000, 0x0000000723c00000|  0%| F|  |TAMS 0x0000000723a00000, 0x0000000723a00000| Untracked 
| 257|0x0000000723c00000, 0x0000000723c00000, 0x0000000723e00000|  0%| F|  |TAMS 0x0000000723c00000, 0x0000000723c00000| Untracked 
| 258|0x0000000723e00000, 0x0000000723e00000, 0x0000000724000000|  0%| F|  |TAMS 0x0000000723e00000, 0x0000000723e00000| Untracked 
| 259|0x0000000724000000, 0x0000000724000000, 0x0000000724200000|  0%| F|  |TAMS 0x0000000724000000, 0x0000000724000000| Untracked 
| 260|0x0000000724200000, 0x0000000724200000, 0x0000000724400000|  0%| F|  |TAMS 0x0000000724200000, 0x0000000724200000| Untracked 
| 261|0x0000000724400000, 0x0000000724400000, 0x0000000724600000|  0%| F|  |TAMS 0x0000000724400000, 0x0000000724400000| Untracked 
| 262|0x0000000724600000, 0x0000000724600000, 0x0000000724800000|  0%| F|  |TAMS 0x0000000724600000, 0x0000000724600000| Untracked 
| 263|0x0000000724800000, 0x0000000724800000, 0x0000000724a00000|  0%| F|  |TAMS 0x0000000724800000, 0x0000000724800000| Untracked 
| 264|0x0000000724a00000, 0x0000000724a00000, 0x0000000724c00000|  0%| F|  |TAMS 0x0000000724a00000, 0x0000000724a00000| Untracked 
| 265|0x0000000724c00000, 0x0000000724c00000, 0x0000000724e00000|  0%| F|  |TAMS 0x0000000724c00000, 0x0000000724c00000| Untracked 
| 266|0x0000000724e00000, 0x0000000724e00000, 0x0000000725000000|  0%| F|  |TAMS 0x0000000724e00000, 0x0000000724e00000| Untracked 
| 267|0x0000000725000000, 0x0000000725000000, 0x0000000725200000|  0%| F|  |TAMS 0x0000000725000000, 0x0000000725000000| Untracked 
| 268|0x0000000725200000, 0x0000000725200000, 0x0000000725400000|  0%| F|  |TAMS 0x0000000725200000, 0x0000000725200000| Untracked 
| 269|0x0000000725400000, 0x0000000725400000, 0x0000000725600000|  0%| F|  |TAMS 0x0000000725400000, 0x0000000725400000| Untracked 
| 270|0x0000000725600000, 0x0000000725600000, 0x0000000725800000|  0%| F|  |TAMS 0x0000000725600000, 0x0000000725600000| Untracked 
| 271|0x0000000725800000, 0x0000000725800000, 0x0000000725a00000|  0%| F|  |TAMS 0x0000000725800000, 0x0000000725800000| Untracked 
| 272|0x0000000725a00000, 0x0000000725a00000, 0x0000000725c00000|  0%| F|  |TAMS 0x0000000725a00000, 0x0000000725a00000| Untracked 
| 273|0x0000000725c00000, 0x0000000725c00000, 0x0000000725e00000|  0%| F|  |TAMS 0x0000000725c00000, 0x0000000725c00000| Untracked 
| 274|0x0000000725e00000, 0x0000000725e00000, 0x0000000726000000|  0%| F|  |TAMS 0x0000000725e00000, 0x0000000725e00000| Untracked 
| 275|0x0000000726000000, 0x0000000726000000, 0x0000000726200000|  0%| F|  |TAMS 0x0000000726000000, 0x0000000726000000| Untracked 
| 276|0x0000000726200000, 0x0000000726200000, 0x0000000726400000|  0%| F|  |TAMS 0x0000000726200000, 0x0000000726200000| Untracked 
| 277|0x0000000726400000, 0x0000000726400000, 0x0000000726600000|  0%| F|  |TAMS 0x0000000726400000, 0x0000000726400000| Untracked 
| 278|0x0000000726600000, 0x0000000726600000, 0x0000000726800000|  0%| F|  |TAMS 0x0000000726600000, 0x0000000726600000| Untracked 
| 279|0x0000000726800000, 0x0000000726800000, 0x0000000726a00000|  0%| F|  |TAMS 0x0000000726800000, 0x0000000726800000| Untracked 
| 280|0x0000000726a00000, 0x0000000726a00000, 0x0000000726c00000|  0%| F|  |TAMS 0x0000000726a00000, 0x0000000726a00000| Untracked 
| 281|0x0000000726c00000, 0x0000000726c00000, 0x0000000726e00000|  0%| F|  |TAMS 0x0000000726c00000, 0x0000000726c00000| Untracked 
| 282|0x0000000726e00000, 0x0000000726e00000, 0x0000000727000000|  0%| F|  |TAMS 0x0000000726e00000, 0x0000000726e00000| Untracked 
| 283|0x0000000727000000, 0x0000000727000000, 0x0000000727200000|  0%| F|  |TAMS 0x0000000727000000, 0x0000000727000000| Untracked 
| 284|0x0000000727200000, 0x0000000727200000, 0x0000000727400000|  0%| F|  |TAMS 0x0000000727200000, 0x0000000727200000| Untracked 
| 285|0x0000000727400000, 0x0000000727400000, 0x0000000727600000|  0%| F|  |TAMS 0x0000000727400000, 0x0000000727400000| Untracked 
| 286|0x0000000727600000, 0x0000000727600000, 0x0000000727800000|  0%| F|  |TAMS 0x0000000727600000, 0x0000000727600000| Untracked 
| 287|0x0000000727800000, 0x0000000727800000, 0x0000000727a00000|  0%| F|  |TAMS 0x0000000727800000, 0x0000000727800000| Untracked 
| 288|0x0000000727a00000, 0x0000000727a00000, 0x0000000727c00000|  0%| F|  |TAMS 0x0000000727a00000, 0x0000000727a00000| Untracked 
| 289|0x0000000727c00000, 0x0000000727c00000, 0x0000000727e00000|  0%| F|  |TAMS 0x0000000727c00000, 0x0000000727c00000| Untracked 
| 290|0x0000000727e00000, 0x0000000727e00000, 0x0000000728000000|  0%| F|  |TAMS 0x0000000727e00000, 0x0000000727e00000| Untracked 
| 291|0x0000000728000000, 0x0000000728000000, 0x0000000728200000|  0%| F|  |TAMS 0x0000000728000000, 0x0000000728000000| Untracked 
| 292|0x0000000728200000, 0x0000000728200000, 0x0000000728400000|  0%| F|  |TAMS 0x0000000728200000, 0x0000000728200000| Untracked 
| 293|0x0000000728400000, 0x0000000728400000, 0x0000000728600000|  0%| F|  |TAMS 0x0000000728400000, 0x0000000728400000| Untracked 
| 294|0x0000000728600000, 0x0000000728600000, 0x0000000728800000|  0%| F|  |TAMS 0x0000000728600000, 0x0000000728600000| Untracked 
| 295|0x0000000728800000, 0x0000000728800000, 0x0000000728a00000|  0%| F|  |TAMS 0x0000000728800000, 0x0000000728800000| Untracked 
| 296|0x0000000728a00000, 0x0000000728a00000, 0x0000000728c00000|  0%| F|  |TAMS 0x0000000728a00000, 0x0000000728a00000| Untracked 
| 297|0x0000000728c00000, 0x0000000728c00000, 0x0000000728e00000|  0%| F|  |TAMS 0x0000000728c00000, 0x0000000728c00000| Untracked 
| 298|0x0000000728e00000, 0x0000000728e00000, 0x0000000729000000|  0%| F|  |TAMS 0x0000000728e00000, 0x0000000728e00000| Untracked 
| 299|0x0000000729000000, 0x0000000729000000, 0x0000000729200000|  0%| F|  |TAMS 0x0000000729000000, 0x0000000729000000| Untracked 
| 300|0x0000000729200000, 0x0000000729200000, 0x0000000729400000|  0%| F|  |TAMS 0x0000000729200000, 0x0000000729200000| Untracked 
| 301|0x0000000729400000, 0x0000000729400000, 0x0000000729600000|  0%| F|  |TAMS 0x0000000729400000, 0x0000000729400000| Untracked 
| 302|0x0000000729600000, 0x0000000729600000, 0x0000000729800000|  0%| F|  |TAMS 0x0000000729600000, 0x0000000729600000| Untracked 
| 303|0x0000000729800000, 0x0000000729800000, 0x0000000729a00000|  0%| F|  |TAMS 0x0000000729800000, 0x0000000729800000| Untracked 
| 304|0x0000000729a00000, 0x0000000729a00000, 0x0000000729c00000|  0%| F|  |TAMS 0x0000000729a00000, 0x0000000729a00000| Untracked 
| 305|0x0000000729c00000, 0x0000000729c00000, 0x0000000729e00000|  0%| F|  |TAMS 0x0000000729c00000, 0x0000000729c00000| Untracked 
| 306|0x0000000729e00000, 0x0000000729e00000, 0x000000072a000000|  0%| F|  |TAMS 0x0000000729e00000, 0x0000000729e00000| Untracked 
| 307|0x000000072a000000, 0x000000072a000000, 0x000000072a200000|  0%| F|  |TAMS 0x000000072a000000, 0x000000072a000000| Untracked 
| 308|0x000000072a200000, 0x000000072a200000, 0x000000072a400000|  0%| F|  |TAMS 0x000000072a200000, 0x000000072a200000| Untracked 
| 309|0x000000072a400000, 0x000000072a5780f0, 0x000000072a600000| 73%| S|CS|TAMS 0x000000072a400000, 0x000000072a400000| Complete 
| 310|0x000000072a600000, 0x000000072a800000, 0x000000072a800000|100%| S|CS|TAMS 0x000000072a600000, 0x000000072a600000| Complete 
| 311|0x000000072a800000, 0x000000072aa00000, 0x000000072aa00000|100%| S|CS|TAMS 0x000000072a800000, 0x000000072a800000| Complete 
| 312|0x000000072aa00000, 0x000000072ac00000, 0x000000072ac00000|100%| S|CS|TAMS 0x000000072aa00000, 0x000000072aa00000| Complete 
| 313|0x000000072ac00000, 0x000000072ae00000, 0x000000072ae00000|100%| S|CS|TAMS 0x000000072ac00000, 0x000000072ac00000| Complete 
| 314|0x000000072ae00000, 0x000000072ae00000, 0x000000072b000000|  0%| F|  |TAMS 0x000000072ae00000, 0x000000072ae00000| Untracked 
| 315|0x000000072b000000, 0x000000072b000000, 0x000000072b200000|  0%| F|  |TAMS 0x000000072b000000, 0x000000072b000000| Untracked 
| 316|0x000000072b200000, 0x000000072b200000, 0x000000072b400000|  0%| F|  |TAMS 0x000000072b200000, 0x000000072b200000| Untracked 
| 317|0x000000072b400000, 0x000000072b400000, 0x000000072b600000|  0%| F|  |TAMS 0x000000072b400000, 0x000000072b400000| Untracked 
| 318|0x000000072b600000, 0x000000072b600000, 0x000000072b800000|  0%| F|  |TAMS 0x000000072b600000, 0x000000072b600000| Untracked 
| 319|0x000000072b800000, 0x000000072b800000, 0x000000072ba00000|  0%| F|  |TAMS 0x000000072b800000, 0x000000072b800000| Untracked 
| 320|0x000000072ba00000, 0x000000072ba00000, 0x000000072bc00000|  0%| F|  |TAMS 0x000000072ba00000, 0x000000072ba00000| Untracked 
| 321|0x000000072bc00000, 0x000000072bc00000, 0x000000072be00000|  0%| F|  |TAMS 0x000000072bc00000, 0x000000072bc00000| Untracked 
| 322|0x000000072be00000, 0x000000072be00000, 0x000000072c000000|  0%| F|  |TAMS 0x000000072be00000, 0x000000072be00000| Untracked 
| 323|0x000000072c000000, 0x000000072c000000, 0x000000072c200000|  0%| F|  |TAMS 0x000000072c000000, 0x000000072c000000| Untracked 
| 324|0x000000072c200000, 0x000000072c200000, 0x000000072c400000|  0%| F|  |TAMS 0x000000072c200000, 0x000000072c200000| Untracked 
| 325|0x000000072c400000, 0x000000072c400000, 0x000000072c600000|  0%| F|  |TAMS 0x000000072c400000, 0x000000072c400000| Untracked 
| 326|0x000000072c600000, 0x000000072c600000, 0x000000072c800000|  0%| F|  |TAMS 0x000000072c600000, 0x000000072c600000| Untracked 
| 327|0x000000072c800000, 0x000000072c800000, 0x000000072ca00000|  0%| F|  |TAMS 0x000000072c800000, 0x000000072c800000| Untracked 
| 328|0x000000072ca00000, 0x000000072ca00000, 0x000000072cc00000|  0%| F|  |TAMS 0x000000072ca00000, 0x000000072ca00000| Untracked 
| 329|0x000000072cc00000, 0x000000072cc00000, 0x000000072ce00000|  0%| F|  |TAMS 0x000000072cc00000, 0x000000072cc00000| Untracked 
| 330|0x000000072ce00000, 0x000000072ce00000, 0x000000072d000000|  0%| F|  |TAMS 0x000000072ce00000, 0x000000072ce00000| Untracked 
| 331|0x000000072d000000, 0x000000072d000000, 0x000000072d200000|  0%| F|  |TAMS 0x000000072d000000, 0x000000072d000000| Untracked 
| 332|0x000000072d200000, 0x000000072d200000, 0x000000072d400000|  0%| F|  |TAMS 0x000000072d200000, 0x000000072d200000| Untracked 
| 333|0x000000072d400000, 0x000000072d400000, 0x000000072d600000|  0%| F|  |TAMS 0x000000072d400000, 0x000000072d400000| Untracked 
| 334|0x000000072d600000, 0x000000072d600000, 0x000000072d800000|  0%| F|  |TAMS 0x000000072d600000, 0x000000072d600000| Untracked 
| 335|0x000000072d800000, 0x000000072d800000, 0x000000072da00000|  0%| F|  |TAMS 0x000000072d800000, 0x000000072d800000| Untracked 
| 336|0x000000072da00000, 0x000000072da00000, 0x000000072dc00000|  0%| F|  |TAMS 0x000000072da00000, 0x000000072da00000| Untracked 
| 337|0x000000072dc00000, 0x000000072dc00000, 0x000000072de00000|  0%| F|  |TAMS 0x000000072dc00000, 0x000000072dc00000| Untracked 
| 338|0x000000072de00000, 0x000000072de00000, 0x000000072e000000|  0%| F|  |TAMS 0x000000072de00000, 0x000000072de00000| Untracked 
| 339|0x000000072e000000, 0x000000072e000000, 0x000000072e200000|  0%| F|  |TAMS 0x000000072e000000, 0x000000072e000000| Untracked 
| 340|0x000000072e200000, 0x000000072e200000, 0x000000072e400000|  0%| F|  |TAMS 0x000000072e200000, 0x000000072e200000| Untracked 
| 341|0x000000072e400000, 0x000000072e400000, 0x000000072e600000|  0%| F|  |TAMS 0x000000072e400000, 0x000000072e400000| Untracked 
| 342|0x000000072e600000, 0x000000072e600000, 0x000000072e800000|  0%| F|  |TAMS 0x000000072e600000, 0x000000072e600000| Untracked 
| 343|0x000000072e800000, 0x000000072e800000, 0x000000072ea00000|  0%| F|  |TAMS 0x000000072e800000, 0x000000072e800000| Untracked 
| 344|0x000000072ea00000, 0x000000072ea00000, 0x000000072ec00000|  0%| F|  |TAMS 0x000000072ea00000, 0x000000072ea00000| Untracked 
| 345|0x000000072ec00000, 0x000000072ec00000, 0x000000072ee00000|  0%| F|  |TAMS 0x000000072ec00000, 0x000000072ec00000| Untracked 
| 346|0x000000072ee00000, 0x000000072ee00000, 0x000000072f000000|  0%| F|  |TAMS 0x000000072ee00000, 0x000000072ee00000| Untracked 
| 347|0x000000072f000000, 0x000000072f000000, 0x000000072f200000|  0%| F|  |TAMS 0x000000072f000000, 0x000000072f000000| Untracked 
| 348|0x000000072f200000, 0x000000072f200000, 0x000000072f400000|  0%| F|  |TAMS 0x000000072f200000, 0x000000072f200000| Untracked 
| 349|0x000000072f400000, 0x000000072f400000, 0x000000072f600000|  0%| F|  |TAMS 0x000000072f400000, 0x000000072f400000| Untracked 
| 350|0x000000072f600000, 0x000000072f600000, 0x000000072f800000|  0%| F|  |TAMS 0x000000072f600000, 0x000000072f600000| Untracked 
| 351|0x000000072f800000, 0x000000072f800000, 0x000000072fa00000|  0%| F|  |TAMS 0x000000072f800000, 0x000000072f800000| Untracked 
| 352|0x000000072fa00000, 0x000000072fa00000, 0x000000072fc00000|  0%| F|  |TAMS 0x000000072fa00000, 0x000000072fa00000| Untracked 
| 353|0x000000072fc00000, 0x000000072fc00000, 0x000000072fe00000|  0%| F|  |TAMS 0x000000072fc00000, 0x000000072fc00000| Untracked 
| 354|0x000000072fe00000, 0x000000072fe00000, 0x0000000730000000|  0%| F|  |TAMS 0x000000072fe00000, 0x000000072fe00000| Untracked 
| 355|0x0000000730000000, 0x0000000730000000, 0x0000000730200000|  0%| F|  |TAMS 0x0000000730000000, 0x0000000730000000| Untracked 
| 356|0x0000000730200000, 0x0000000730200000, 0x0000000730400000|  0%| F|  |TAMS 0x0000000730200000, 0x0000000730200000| Untracked 
| 357|0x0000000730400000, 0x0000000730400000, 0x0000000730600000|  0%| F|  |TAMS 0x0000000730400000, 0x0000000730400000| Untracked 
| 358|0x0000000730600000, 0x0000000730600000, 0x0000000730800000|  0%| F|  |TAMS 0x0000000730600000, 0x0000000730600000| Untracked 
| 359|0x0000000730800000, 0x0000000730800000, 0x0000000730a00000|  0%| F|  |TAMS 0x0000000730800000, 0x0000000730800000| Untracked 
| 360|0x0000000730a00000, 0x0000000730a00000, 0x0000000730c00000|  0%| F|  |TAMS 0x0000000730a00000, 0x0000000730a00000| Untracked 
| 361|0x0000000730c00000, 0x0000000730c00000, 0x0000000730e00000|  0%| F|  |TAMS 0x0000000730c00000, 0x0000000730c00000| Untracked 
| 362|0x0000000730e00000, 0x0000000731000000, 0x0000000731000000|100%| E|  |TAMS 0x0000000730e00000, 0x0000000730e00000| Complete 
| 363|0x0000000731000000, 0x0000000731200000, 0x0000000731200000|100%| E|CS|TAMS 0x0000000731000000, 0x0000000731000000| Complete 
| 364|0x0000000731200000, 0x0000000731400000, 0x0000000731400000|100%| E|CS|TAMS 0x0000000731200000, 0x0000000731200000| Complete 
| 365|0x0000000731400000, 0x0000000731600000, 0x0000000731600000|100%| E|CS|TAMS 0x0000000731400000, 0x0000000731400000| Complete 
| 366|0x0000000731600000, 0x0000000731800000, 0x0000000731800000|100%| E|CS|TAMS 0x0000000731600000, 0x0000000731600000| Complete 
| 367|0x0000000731800000, 0x0000000731a00000, 0x0000000731a00000|100%| E|CS|TAMS 0x0000000731800000, 0x0000000731800000| Complete 
| 368|0x0000000731a00000, 0x0000000731c00000, 0x0000000731c00000|100%| E|CS|TAMS 0x0000000731a00000, 0x0000000731a00000| Complete 
| 369|0x0000000731c00000, 0x0000000731e00000, 0x0000000731e00000|100%| E|CS|TAMS 0x0000000731c00000, 0x0000000731c00000| Complete 
| 370|0x0000000731e00000, 0x0000000732000000, 0x0000000732000000|100%| E|CS|TAMS 0x0000000731e00000, 0x0000000731e00000| Complete 
| 371|0x0000000732000000, 0x0000000732200000, 0x0000000732200000|100%| E|CS|TAMS 0x0000000732000000, 0x0000000732000000| Complete 
| 372|0x0000000732200000, 0x0000000732400000, 0x0000000732400000|100%| E|CS|TAMS 0x0000000732200000, 0x0000000732200000| Complete 
| 373|0x0000000732400000, 0x0000000732600000, 0x0000000732600000|100%| E|CS|TAMS 0x0000000732400000, 0x0000000732400000| Complete 
| 374|0x0000000732600000, 0x0000000732800000, 0x0000000732800000|100%| E|CS|TAMS 0x0000000732600000, 0x0000000732600000| Complete 
| 375|0x0000000732800000, 0x0000000732a00000, 0x0000000732a00000|100%| E|CS|TAMS 0x0000000732800000, 0x0000000732800000| Complete 
| 376|0x0000000732a00000, 0x0000000732c00000, 0x0000000732c00000|100%| E|CS|TAMS 0x0000000732a00000, 0x0000000732a00000| Complete 
| 377|0x0000000732c00000, 0x0000000732e00000, 0x0000000732e00000|100%| E|CS|TAMS 0x0000000732c00000, 0x0000000732c00000| Complete 
| 378|0x0000000732e00000, 0x0000000733000000, 0x0000000733000000|100%| E|CS|TAMS 0x0000000732e00000, 0x0000000732e00000| Complete 

Card table byte_map: [0x0000012b57c40000,0x0000012b58430000] _byte_map_base: 0x0000012b54423000

Marking Bits (Prev, Next): (CMBitMap*) 0x0000012b409604a0, (CMBitMap*) 0x0000012b40960460
 Prev Bits: [0x0000012b5cb40000, 0x0000012b60a58000)
 Next Bits: [0x0000012b58c20000, 0x0000012b5cb38000)

Polling page: 0x0000012b3e8f0000

Metaspace:

Usage:
  Non-class:     16.82 MB used.
      Class:      1.77 MB used.
       Both:     18.59 MB used.

Virtual space:
  Non-class space:       24.00 MB reserved,      16.94 MB ( 71%) committed,  3 nodes.
      Class space:        1.00 GB reserved,       1.88 MB ( <1%) committed,  1 nodes.
             Both:        1.02 GB reserved,      18.81 MB (  2%) committed. 

Chunk freelists:
   Non-Class:  2.72 MB
       Class:  2.14 MB
        Both:  4.86 MB

MaxMetaspaceSize: unlimited
CompressedClassSpaceSize: 1.00 GB
Initial GC threshold: 21.00 MB
Current GC threshold: 31.25 MB
CDS: on
MetaspaceReclaimPolicy: balanced
 - commit_granule_bytes: 65536.
 - commit_granule_words: 8192.
 - virtual_space_node_default_size: 1048576.
 - enlarge_chunks_in_place: 1.
 - new_chunks_are_fully_committed: 0.
 - uncommit_free_chunks: 1.
 - use_allocation_guard: 0.
 - handle_deallocations: 1.


Internal statistics:

num_allocs_failed_limit: 0.
num_arena_births: 212.
num_arena_deaths: 0.
num_vsnodes_births: 4.
num_vsnodes_deaths: 0.
num_space_committed: 299.
num_space_uncommitted: 0.
num_chunks_returned_to_freelist: 0.
num_chunks_taken_from_freelist: 611.
num_chunk_merges: 0.
num_chunk_splits: 405.
num_chunks_enlarged: 263.
num_purges: 0.
num_inconsistent_stats: 0.

CodeHeap 'non-profiled nmethods': size=120000Kb used=3630Kb max_used=3630Kb free=116369Kb
 bounds [0x0000012b4fbf0000, 0x0000012b4ff80000, 0x0000012b57120000]
CodeHeap 'profiled nmethods': size=120000Kb used=6246Kb max_used=8032Kb free=113754Kb
 bounds [0x0000012b486c0000, 0x0000012b48ea0000, 0x0000012b4fbf0000]
CodeHeap 'non-nmethods': size=5760Kb used=1423Kb max_used=1461Kb free=4336Kb
 bounds [0x0000012b48120000, 0x0000012b48390000, 0x0000012b486c0000]
 total_blobs=4646 nmethods=3869 adapters=689
 compilation: enabled
              stopped_count=0, restarted_count=0
 full_count=0

Compilation events (20 events):
Event: 133.088 Thread 0x0000012b634bc630 4771       4       java.awt.Container::findComponentAtImpl (161 bytes)
Event: 133.097 Thread 0x0000012b634bc630 nmethod 4771 0x0000012b4ff78f10 code [0x0000012b4ff79120, 0x0000012b4ff7a148]
Event: 133.112 Thread 0x0000012b634c7180 4772       3       sun.java2d.SunGraphics2D::invalidateTransform (226 bytes)
Event: 133.112 Thread 0x0000012b634c7180 nmethod 4772 0x0000012b487e8110 code [0x0000012b487e8360, 0x0000012b487e8ca8]
Event: 133.112 Thread 0x0000012b634c7180 4775       3       java.awt.geom.Path2D$Float::needRoom (72 bytes)
Event: 133.113 Thread 0x0000012b634c7180 nmethod 4775 0x0000012b489a3d90 code [0x0000012b489a3f60, 0x0000012b489a4348]
Event: 133.113 Thread 0x0000012b634c7180 4773       3       sun.java2d.SunGraphics2D::validateBasicStroke (332 bytes)
Event: 133.113 Thread 0x0000012b634c7180 nmethod 4773 0x0000012b48c41810 code [0x0000012b48c41b60, 0x0000012b48c42de8]
Event: 133.113 Thread 0x0000012b634c7180 4776       3       java.awt.geom.RectIterator::next (11 bytes)
Event: 133.113 Thread 0x0000012b634c7180 nmethod 4776 0x0000012b4897dd10 code [0x0000012b4897dea0, 0x0000012b4897dfb8]
Event: 133.113 Thread 0x0000012b634c7180 4774  s    3       java.awt.geom.Path2D$Float::lineTo (58 bytes)
Event: 133.113 Thread 0x0000012b634c7180 nmethod 4774 0x0000012b489bfe90 code [0x0000012b489c0040, 0x0000012b489c0388]
Event: 133.790 Thread 0x0000012b634bc630 4777   !   4       sun.awt.AWTAutoShutdown::setToolkitBusy (124 bytes)
Event: 133.793 Thread 0x0000012b634bc630 nmethod 4777 0x0000012b4ff7b090 code [0x0000012b4ff7b220, 0x0000012b4ff7b758]
Event: 134.069 Thread 0x0000012b634c7180 4778   !   3       java.util.logging.LogManager::getUserContext (118 bytes)
Event: 134.070 Thread 0x0000012b634c7180 nmethod 4778 0x0000012b487ec090 code [0x0000012b487ec300, 0x0000012b487ecca8]
Event: 134.070 Thread 0x0000012b634c7180 4780       3       java.util.concurrent.ConcurrentHashMap$KeyIterator::next (34 bytes)
Event: 134.070 Thread 0x0000012b634c7180 nmethod 4780 0x0000012b48a0c510 code [0x0000012b48a0c6c0, 0x0000012b48a0c998]
Event: 134.070 Thread 0x0000012b634c7180 4779       3       jdk.internal.access.SharedSecrets::getJavaAWTAccess (4 bytes)
Event: 134.070 Thread 0x0000012b634c7180 nmethod 4779 0x0000012b486f1190 code [0x0000012b486f1320, 0x0000012b486f1418]

GC Heap History (20 events):
Event: 4.708 GC heap before
{Heap before GC invocations=8 (full 0):
 garbage-first heap   total 385024K, used 267985K [0x0000000703a00000, 0x0000000800000000)
  region size 2048K, 50 young (102400K), 7 survivors (14336K)
 Metaspace       used 17675K, committed 17920K, reserved 1073152K
  class space    used 1764K, committed 1920K, reserved 1048576K
}
Event: 4.722 GC heap after
{Heap after GC invocations=9 (full 0):
 garbage-first heap   total 385024K, used 217088K [0x0000000703a00000, 0x0000000800000000)
  region size 2048K, 7 young (14336K), 7 survivors (14336K)
 Metaspace       used 17675K, committed 17920K, reserved 1073152K
  class space    used 1764K, committed 1920K, reserved 1048576K
}
Event: 4.856 GC heap before
{Heap before GC invocations=9 (full 0):
 garbage-first heap   total 385024K, used 282624K [0x0000000703a00000, 0x0000000800000000)
  region size 2048K, 39 young (79872K), 7 survivors (14336K)
 Metaspace       used 17678K, committed 17920K, reserved 1073152K
  class space    used 1764K, committed 1920K, reserved 1048576K
}
Event: 4.866 GC heap after
{Heap after GC invocations=10 (full 0):
 garbage-first heap   total 385024K, used 244525K [0x0000000703a00000, 0x0000000800000000)
  region size 2048K, 5 young (10240K), 5 survivors (10240K)
 Metaspace       used 17678K, committed 17920K, reserved 1073152K
  class space    used 1764K, committed 1920K, reserved 1048576K
}
Event: 4.996 GC heap before
{Heap before GC invocations=10 (full 0):
 garbage-first heap   total 485376K, used 289581K [0x0000000703a00000, 0x0000000800000000)
  region size 2048K, 30 young (61440K), 5 survivors (10240K)
 Metaspace       used 17683K, committed 17920K, reserved 1073152K
  class space    used 1764K, committed 1920K, reserved 1048576K
}
Event: 5.005 GC heap after
{Heap after GC invocations=11 (full 0):
 garbage-first heap   total 485376K, used 264192K [0x0000000703a00000, 0x0000000800000000)
  region size 2048K, 4 young (8192K), 4 survivors (8192K)
 Metaspace       used 17683K, committed 17920K, reserved 1073152K
  class space    used 1764K, committed 1920K, reserved 1048576K
}
Event: 5.273 GC heap before
{Heap before GC invocations=12 (full 0):
 garbage-first heap   total 485376K, used 352256K [0x0000000703a00000, 0x0000000800000000)
  region size 2048K, 47 young (96256K), 4 survivors (8192K)
 Metaspace       used 17727K, committed 17984K, reserved 1073152K
  class space    used 1767K, committed 1920K, reserved 1048576K
}
Event: 5.282 GC heap after
{Heap after GC invocations=13 (full 0):
 garbage-first heap   total 485376K, used 280576K [0x0000000703a00000, 0x0000000800000000)
  region size 2048K, 6 young (12288K), 6 survivors (12288K)
 Metaspace       used 17727K, committed 17984K, reserved 1073152K
  class space    used 1767K, committed 1920K, reserved 1048576K
}
Event: 5.301 GC heap before
{Heap before GC invocations=13 (full 0):
 garbage-first heap   total 485376K, used 290816K [0x0000000703a00000, 0x0000000800000000)
  region size 2048K, 11 young (22528K), 6 survivors (12288K)
 Metaspace       used 17727K, committed 17984K, reserved 1073152K
  class space    used 1767K, committed 1920K, reserved 1048576K
}
Event: 5.307 GC heap after
{Heap after GC invocations=14 (full 0):
 garbage-first heap   total 696320K, used 282006K [0x0000000703a00000, 0x0000000800000000)
  region size 2048K, 1 young (2048K), 1 survivors (2048K)
 Metaspace       used 17727K, committed 17984K, reserved 1073152K
  class space    used 1767K, committed 1920K, reserved 1048576K
}
Event: 5.926 GC heap before
{Heap before GC invocations=14 (full 0):
 garbage-first heap   total 696320K, used 466326K [0x0000000703a00000, 0x0000000800000000)
  region size 2048K, 91 young (186368K), 1 survivors (2048K)
 Metaspace       used 17735K, committed 18048K, reserved 1073152K
  class space    used 1767K, committed 1920K, reserved 1048576K
}
Event: 5.942 GC heap after
{Heap after GC invocations=15 (full 0):
 garbage-first heap   total 696320K, used 348160K [0x0000000703a00000, 0x0000000800000000)
  region size 2048K, 12 young (24576K), 12 survivors (24576K)
 Metaspace       used 17735K, committed 18048K, reserved 1073152K
  class space    used 1767K, committed 1920K, reserved 1048576K
}
Event: 6.333 GC heap before
{Heap before GC invocations=15 (full 0):
 garbage-first heap   total 696320K, used 491520K [0x0000000703a00000, 0x0000000800000000)
  region size 2048K, 82 young (167936K), 12 survivors (24576K)
 Metaspace       used 17735K, committed 18048K, reserved 1073152K
  class space    used 1767K, committed 1920K, reserved 1048576K
}
Event: 6.350 GC heap after
{Heap after GC invocations=16 (full 0):
 garbage-first heap   total 696320K, used 403456K [0x0000000703a00000, 0x0000000800000000)
  region size 2048K, 11 young (22528K), 11 survivors (22528K)
 Metaspace       used 17735K, committed 18048K, reserved 1073152K
  class space    used 1767K, committed 1920K, reserved 1048576K
}
Event: 6.752 GC heap before
{Heap before GC invocations=17 (full 0):
 garbage-first heap   total 772096K, used 522240K [0x0000000703a00000, 0x0000000800000000)
  region size 2048K, 69 young (141312K), 11 survivors (22528K)
 Metaspace       used 17735K, committed 18048K, reserved 1073152K
  class space    used 1767K, committed 1920K, reserved 1048576K
}
Event: 6.766 GC heap after
{Heap after GC invocations=18 (full 0):
 garbage-first heap   total 772096K, used 451584K [0x0000000703a00000, 0x0000000800000000)
  region size 2048K, 9 young (18432K), 9 survivors (18432K)
 Metaspace       used 17735K, committed 18048K, reserved 1073152K
  class space    used 1767K, committed 1920K, reserved 1048576K
}
Event: 7.004 GC heap before
{Heap before GC invocations=18 (full 0):
 garbage-first heap   total 772096K, used 470016K [0x0000000703a00000, 0x0000000800000000)
  region size 2048K, 18 young (36864K), 9 survivors (18432K)
 Metaspace       used 17850K, committed 18112K, reserved 1073152K
  class space    used 1774K, committed 1920K, reserved 1048576K
}
Event: 7.016 GC heap after
{Heap after GC invocations=19 (full 0):
 garbage-first heap   total 772096K, used 458752K [0x0000000703a00000, 0x0000000800000000)
  region size 2048K, 3 young (6144K), 3 survivors (6144K)
 Metaspace       used 17850K, committed 18112K, reserved 1073152K
  class space    used 1774K, committed 1920K, reserved 1048576K
}
Event: 108.158 GC heap before
{Heap before GC invocations=19 (full 0):
 garbage-first heap   total 772096K, used 581632K [0x0000000703a00000, 0x0000000800000000)
  region size 2048K, 63 young (129024K), 3 survivors (6144K)
 Metaspace       used 19003K, committed 19200K, reserved 1073152K
  class space    used 1806K, committed 1920K, reserved 1048576K
}
Event: 108.173 GC heap after
{Heap after GC invocations=20 (full 0):
 garbage-first heap   total 772096K, used 462304K [0x0000000703a00000, 0x0000000800000000)
  region size 2048K, 5 young (10240K), 5 survivors (10240K)
 Metaspace       used 19003K, committed 19200K, reserved 1073152K
  class space    used 1806K, committed 1920K, reserved 1048576K
}

Deoptimization events (20 events):
Event: 21.829 Thread 0x0000012b64a35590 Uncommon trap: trap_request=0xffffffbe fr.pc=0x0000012b4fd4ac0c relative=0x000000000000226c
Event: 21.829 Thread 0x0000012b64a35590 Uncommon trap: reason=profile_predicate action=maybe_recompile pc=0x0000012b4fd4ac0c method=com.jme3.util.ListSort.getRunLength([Ljava/lang/Object;IILjava/util/Comparator;)I @ 34 c2
Event: 21.829 Thread 0x0000012b64a35590 DEOPT PACKING pc=0x0000012b4fd4ac0c sp=0x00000012b3cfea80
Event: 21.829 Thread 0x0000012b64a35590 DEOPT UNPACKING pc=0x0000012b48175c23 sp=0x00000012b3cfe968 mode 2
Event: 21.846 Thread 0x0000012b64a35590 Uncommon trap: trap_request=0xffffffbe fr.pc=0x0000012b4fd4ac0c relative=0x000000000000226c
Event: 21.846 Thread 0x0000012b64a35590 Uncommon trap: reason=profile_predicate action=maybe_recompile pc=0x0000012b4fd4ac0c method=com.jme3.util.ListSort.getRunLength([Ljava/lang/Object;IILjava/util/Comparator;)I @ 34 c2
Event: 21.846 Thread 0x0000012b64a35590 DEOPT PACKING pc=0x0000012b4fd4ac0c sp=0x00000012b3cfea80
Event: 21.846 Thread 0x0000012b64a35590 DEOPT UNPACKING pc=0x0000012b48175c23 sp=0x00000012b3cfe968 mode 2
Event: 21.995 Thread 0x0000012b64a35590 DEOPT PACKING pc=0x0000012b48e5f625 sp=0x00000012b3cfeda0
Event: 21.995 Thread 0x0000012b64a35590 DEOPT UNPACKING pc=0x0000012b48176763 sp=0x00000012b3cfe288 mode 0
Event: 46.014 Thread 0x0000012b66549b70 DEOPT PACKING pc=0x0000012b48cbedbd sp=0x00000012b43ff470
Event: 46.014 Thread 0x0000012b66549b70 DEOPT UNPACKING pc=0x0000012b48176763 sp=0x00000012b43fe950 mode 0
Event: 66.366 Thread 0x0000012b645bdf90 Uncommon trap: trap_request=0xffffff45 fr.pc=0x0000012b4fd8e5a8 relative=0x00000000000001a8
Event: 66.366 Thread 0x0000012b645bdf90 Uncommon trap: reason=unstable_if action=reinterpret pc=0x0000012b4fd8e5a8 method=java.util.LinkedList$ListItr.<init>(Ljava/util/LinkedList;I)V @ 26 c2
Event: 66.366 Thread 0x0000012b645bdf90 DEOPT PACKING pc=0x0000012b4fd8e5a8 sp=0x00000012b3bfe560
Event: 66.366 Thread 0x0000012b645bdf90 DEOPT UNPACKING pc=0x0000012b48175c23 sp=0x00000012b3bfe508 mode 2
Event: 68.249 Thread 0x0000012b645bdf90 Uncommon trap: trap_request=0xffffffdc fr.pc=0x0000012b4fef40bc relative=0x000000000000029c
Event: 68.249 Thread 0x0000012b645bdf90 Uncommon trap: reason=class_check action=make_not_entrant pc=0x0000012b4fef40bc method=java.util.ArrayList.toArray([Ljava/lang/Object;)[Ljava/lang/Object; @ 21 c2
Event: 68.249 Thread 0x0000012b645bdf90 DEOPT PACKING pc=0x0000012b4fef40bc sp=0x00000012b3bfe5c0
Event: 68.249 Thread 0x0000012b645bdf90 DEOPT UNPACKING pc=0x0000012b48175c23 sp=0x00000012b3bfe590 mode 2

Classes unloaded (0 events):
No events

Classes redefined (0 events):
No events

Internal exceptions (16 events):
Event: 0.094 Thread 0x0000012b4090e6e0 Exception <a 'java/lang/ClassNotFoundException'{0x00000007135511d8}: sun/awt/resources/spi/awtProvider> (0x00000007135511d8) 
thrown [t:\workspace\open\src\hotspot\share\classfile\systemDictionary.cpp, line 256]
Event: 0.105 Thread 0x0000012b4090e6e0 Exception <a 'java/io/FileNotFoundException'{0x000000071359a008}> (0x000000071359a008) 
thrown [t:\workspace\open\src\hotspot\share\prims\jni.cpp, line 516]
Event: 0.111 Thread 0x0000012b4090e6e0 Exception <a 'java/io/FileNotFoundException'{0x00000007135c6f68}> (0x00000007135c6f68) 
thrown [t:\workspace\open\src\hotspot\share\prims\jni.cpp, line 516]
Event: 0.137 Thread 0x0000012b4090e6e0 Exception <a 'java/lang/NoSuchMethodError'{0x000000071320b288}: 'java.lang.Object java.lang.invoke.DirectMethodHandle$Holder.invokeStaticInit(java.lang.Object)'> (0x000000071320b288) 
thrown [t:\workspace\open\src\hotspot\share\interpreter\linkResolver.cpp, line 766]
Event: 0.159 Thread 0x0000012b4090e6e0 Exception <a 'java/lang/NoSuchMethodError'{0x0000000713255e88}: 'void java.lang.invoke.DirectMethodHandle$Holder.invokeSpecial(java.lang.Object, java.lang.Object, java.lang.Object)'> (0x0000000713255e88) 
thrown [t:\workspace\open\src\hotspot\share\interpreter\linkResolver.cpp, line 766]
Event: 0.164 Thread 0x0000012b4090e6e0 Exception <a 'java/lang/NoSuchMethodError'{0x00000007132f0d10}: 'java.lang.Object java.lang.invoke.DirectMethodHandle$Holder.newInvokeSpecial(java.lang.Object, java.lang.Object, java.lang.Object, java.lang.Object, java.lang.Object)'> (0x00000007132f0d10) 
thrown [t:\workspace\open\src\hotspot\share\interpreter\linkResolver.cpp, line 766]
Event: 0.165 Thread 0x0000012b4090e6e0 Exception <a 'java/lang/NoSuchMethodError'{0x00000007132fc6d8}: 'java.lang.Object java.lang.invoke.DirectMethodHandle$Holder.invokeStatic(java.lang.Object, int, java.lang.Object, java.lang.Object, java.lang.Object, java.lang.Object)'> (0x00000007132fc6d8) 
thrown [t:\workspace\open\src\hotspot\share\interpreter\linkResolver.cpp, line 766]
Event: 0.167 Thread 0x0000012b4090e6e0 Exception <a 'java/lang/NoSuchMethodError'{0x0000000713321e98}: 'java.lang.Object java.lang.invoke.DirectMethodHandle$Holder.invokeStatic(java.lang.Object, int, java.lang.Object)'> (0x0000000713321e98) 
thrown [t:\workspace\open\src\hotspot\share\interpreter\linkResolver.cpp, line 766]
Event: 0.179 Thread 0x0000012b4090e6e0 Exception <a 'java/lang/ClassNotFoundException'{0x00000007133d99c8}: com/sun/swing/internal/plaf/metal/resources/spi/metalProvider> (0x00000007133d99c8) 
thrown [t:\workspace\open\src\hotspot\share\classfile\systemDictionary.cpp, line 256]
Event: 0.180 Thread 0x0000012b4090e6e0 Exception <a 'java/lang/ClassNotFoundException'{0x00000007133dd578}: com/sun/swing/internal/plaf/basic/resources/spi/basicProvider> (0x00000007133dd578) 
thrown [t:\workspace\open\src\hotspot\share\classfile\systemDictionary.cpp, line 256]
Event: 0.195 Thread 0x0000012b643aea90 Exception <a 'java/lang/NoSuchMethodError'{0x0000000713281850}: 'void java.lang.invoke.DirectMethodHandle$Holder.invokeVirtual(java.lang.Object, java.lang.Object)'> (0x0000000713281850) 
thrown [t:\workspace\open\src\hotspot\share\interpreter\linkResolver.cpp, line 766]
Event: 0.205 Thread 0x0000012b4090e6e0 Exception <a 'java/lang/NoSuchMethodError'{0x000000071302a498}: 'void java.lang.invoke.DirectMethodHandle$Holder.invokeStaticInit(java.lang.Object)'> (0x000000071302a498) 
thrown [t:\workspace\open\src\hotspot\share\interpreter\linkResolver.cpp, line 766]
Event: 0.279 Thread 0x0000012b4090e6e0 Exception <a 'java/lang/ClassNotFoundException'{0x0000000712f00f38}: sun/util/logging/resources/spi/loggingProvider> (0x0000000712f00f38) 
thrown [t:\workspace\open\src\hotspot\share\classfile\systemDictionary.cpp, line 256]
Event: 0.563 Thread 0x0000012b64a35590 Exception <a 'java/lang/NoSuchMethodError'{0x0000000712840228}: 'java.lang.Object java.lang.invoke.DirectMethodHandle$Holder.invokeInterface(java.lang.Object, java.lang.Object)'> (0x0000000712840228) 
thrown [t:\workspace\open\src\hotspot\share\interpreter\linkResolver.cpp, line 766]
Event: 0.564 Thread 0x0000012b64a35590 Exception <a 'java/lang/IncompatibleClassChangeError'{0x0000000712843a20}: Found class java.lang.Object, but interface was expected> (0x0000000712843a20) 
thrown [t:\workspace\open\src\hotspot\share\interpreter\linkResolver.cpp, line 833]
Event: 6.941 Thread 0x0000012b64a35590 Implicit null exception at 0x0000012b4fd9f671 to 0x0000012b4fd9fbac

VM Operations (20 events):
Event: 68.658 Executing VM operation: Cleanup done
Event: 97.671 Executing VM operation: Cleanup
Event: 97.671 Executing VM operation: Cleanup done
Event: 99.671 Executing VM operation: Cleanup
Event: 99.671 Executing VM operation: Cleanup done
Event: 107.675 Executing VM operation: Cleanup
Event: 107.675 Executing VM operation: Cleanup done
Event: 108.158 Executing VM operation: G1CollectForAllocation
Event: 108.173 Executing VM operation: G1CollectForAllocation done
Event: 108.336 Executing VM operation: G1Concurrent
Event: 108.338 Executing VM operation: G1Concurrent done
Event: 108.404 Executing VM operation: G1Concurrent
Event: 108.404 Executing VM operation: G1Concurrent done
Event: 123.425 Executing VM operation: Cleanup
Event: 123.425 Executing VM operation: Cleanup done
Event: 125.426 Executing VM operation: Cleanup
Event: 125.426 Executing VM operation: Cleanup done
Event: 133.430 Executing VM operation: Cleanup
Event: 133.430 Executing VM operation: Cleanup done
Event: 134.170 Executing VM operation: Exit

Events (20 events):
Event: 10.583 Thread 0x0000012b634d2e80 flushing nmethod 0x0000012b48db0d10
Event: 10.583 Thread 0x0000012b634d2e80 flushing nmethod 0x0000012b48db1710
Event: 10.583 Thread 0x0000012b634d2e80 flushing nmethod 0x0000012b48db2790
Event: 10.583 Thread 0x0000012b634d2e80 flushing nmethod 0x0000012b48db4310
Event: 10.583 Thread 0x0000012b634d2e80 flushing nmethod 0x0000012b48dcf310
Event: 10.583 Thread 0x0000012b634d2e80 flushing nmethod 0x0000012b48ddc810
Event: 10.583 Thread 0x0000012b634d2e80 flushing nmethod 0x0000012b48ded110
Event: 10.583 Thread 0x0000012b634d2e80 flushing nmethod 0x0000012b48df2a10
Event: 10.583 Thread 0x0000012b634d2e80 flushing nmethod 0x0000012b48e06a90
Event: 132.915 loading class java/awt/Scrollbar
Event: 132.915 loading class java/awt/Scrollbar done
Event: 134.069 Thread 0x0000012b665491d0 Thread added: 0x0000012b665491d0
Event: 134.069 Thread 0x0000012b6654a510 Thread added: 0x0000012b6654a510
Event: 134.069 Thread 0x0000012b6654a9e0 Thread added: 0x0000012b6654a9e0
Event: 134.069 Thread 0x0000012b6654aeb0 Thread added: 0x0000012b6654aeb0
Event: 134.069 Thread 0x0000012b6654a510 Thread exited: 0x0000012b6654a510
Event: 134.069 Thread 0x0000012b6654aeb0 Thread exited: 0x0000012b6654aeb0
Event: 134.088 Thread 0x0000012b665491d0 Thread exited: 0x0000012b665491d0
Event: 134.095 Thread 0x0000012b643aea90 Thread exited: 0x0000012b643aea90
Event: 134.170 Thread 0x0000012b6654a9e0 Thread exited: 0x0000012b6654a9e0


Dynamic libraries:
0x00007ff78f1a0000 - 0x00007ff78f1b0000 	C:\Program Files\Java\jdk-17\bin\javaw.exe
0x00007ffa9dda0000 - 0x00007ffa9dfa7000 	C:\WINDOWS\SYSTEM32\ntdll.dll
0x00007ffa9d100000 - 0x00007ffa9d1bd000 	C:\WINDOWS\System32\KERNEL32.DLL
0x00007ffa9b280000 - 0x00007ffa9b5f4000 	C:\WINDOWS\System32\KERNELBASE.dll
0x00007ffa9b600000 - 0x00007ffa9b711000 	C:\WINDOWS\System32\ucrtbase.dll
0x00007ffa94610000 - 0x00007ffa9462a000 	C:\Program Files\Java\jdk-17\bin\VCRUNTIME140.dll
0x00007ffa945c0000 - 0x00007ffa945d8000 	C:\Program Files\Java\jdk-17\bin\jli.dll
0x00007ffa9bc30000 - 0x00007ffa9bcdc000 	C:\WINDOWS\System32\ADVAPI32.dll
0x00007ffa9bce0000 - 0x00007ffa9bd83000 	C:\WINDOWS\System32\msvcrt.dll
0x00007ffa9c960000 - 0x00007ffa9c9fd000 	C:\WINDOWS\System32\sechost.dll
0x00007ffa9ca00000 - 0x00007ffa9cb21000 	C:\WINDOWS\System32\RPCRT4.dll
0x00007ffa9d4e0000 - 0x00007ffa9d68c000 	C:\WINDOWS\System32\USER32.dll
0x00007ffa9ba50000 - 0x00007ffa9ba76000 	C:\WINDOWS\System32\win32u.dll
0x00007ffa7dcf0000 - 0x00007ffa7df95000 	C:\WINDOWS\WinSxS\amd64_microsoft.windows.common-controls_6595b64144ccf1df_6.0.22000.120_none_9d947278b86cc467\COMCTL32.dll
0x00007ffa9d830000 - 0x00007ffa9d859000 	C:\WINDOWS\System32\GDI32.dll
0x00007ffa9b930000 - 0x00007ffa9ba42000 	C:\WINDOWS\System32\gdi32full.dll
0x00007ffa9b890000 - 0x00007ffa9b92d000 	C:\WINDOWS\System32\msvcp_win.dll
0x00007ffa950e0000 - 0x00007ffa950ea000 	C:\WINDOWS\SYSTEM32\VERSION.dll
0x00007ffa9c740000 - 0x00007ffa9c771000 	C:\WINDOWS\System32\IMM32.DLL
0x00007ffa94830000 - 0x00007ffa9483c000 	C:\Program Files\Java\jdk-17\bin\vcruntime140_1.dll
0x00007ffa89f10000 - 0x00007ffa89f9d000 	C:\Program Files\Java\jdk-17\bin\msvcp140.dll
0x00007ffa49d00000 - 0x00007ffa4a8be000 	C:\Program Files\Java\jdk-17\bin\server\jvm.dll
0x00007ffa9c800000 - 0x00007ffa9c808000 	C:\WINDOWS\System32\PSAPI.DLL
0x00007ffa98390000 - 0x00007ffa98399000 	C:\WINDOWS\SYSTEM32\WSOCK32.dll
0x00007ffa958e0000 - 0x00007ffa95913000 	C:\WINDOWS\SYSTEM32\WINMM.dll
0x00007ffa9c780000 - 0x00007ffa9c7ef000 	C:\WINDOWS\System32\WS2_32.dll
0x00007ffa9a420000 - 0x00007ffa9a438000 	C:\WINDOWS\SYSTEM32\kernel.appcore.dll
0x00007ffa98380000 - 0x00007ffa9838a000 	C:\Program Files\Java\jdk-17\bin\jimage.dll
0x00007ffa98ee0000 - 0x00007ffa99101000 	C:\WINDOWS\SYSTEM32\DBGHELP.DLL
0x00007ffa89d10000 - 0x00007ffa89d41000 	C:\WINDOWS\SYSTEM32\dbgcore.DLL
0x00007ffa9ba80000 - 0x00007ffa9bb00000 	C:\WINDOWS\System32\bcryptPrimitives.dll
0x00007ffa84fb0000 - 0x00007ffa84fd5000 	C:\Program Files\Java\jdk-17\bin\java.dll
0x00007ffa84ed0000 - 0x00007ffa84fa6000 	C:\Program Files\Java\jdk-17\bin\svml.dll
0x00007ffa9bdf0000 - 0x00007ffa9c59a000 	C:\WINDOWS\System32\SHELL32.dll
0x00007ffa99420000 - 0x00007ffa99c82000 	C:\WINDOWS\SYSTEM32\windows.storage.dll
0x00007ffa9d860000 - 0x00007ffa9dbd8000 	C:\WINDOWS\System32\combase.dll
0x00007ffa992b0000 - 0x00007ffa99416000 	C:\WINDOWS\SYSTEM32\wintypes.dll
0x00007ffa9dc70000 - 0x00007ffa9dd5a000 	C:\WINDOWS\System32\SHCORE.dll
0x00007ffa9bd90000 - 0x00007ffa9bded000 	C:\WINDOWS\System32\shlwapi.dll
0x00007ffa9b1b0000 - 0x00007ffa9b1d1000 	C:\WINDOWS\SYSTEM32\profapi.dll
0x00007ffa93500000 - 0x00007ffa93519000 	C:\Program Files\Java\jdk-17\bin\net.dll
0x00007ffa963d0000 - 0x00007ffa964dc000 	C:\WINDOWS\SYSTEM32\WINHTTP.dll
0x00007ffa9a8a0000 - 0x00007ffa9a907000 	C:\WINDOWS\system32\mswsock.dll
0x00007ffa8bb10000 - 0x00007ffa8bb25000 	C:\Program Files\Java\jdk-17\bin\nio.dll
0x00007ffa8a110000 - 0x00007ffa8a128000 	C:\Program Files\Java\jdk-17\bin\zip.dll
0x00007ffa55830000 - 0x00007ffa559bf000 	C:\Program Files\Java\jdk-17\bin\awt.dll
0x00007ffa9cb30000 - 0x00007ffa9cc06000 	C:\WINDOWS\System32\OLEAUT32.dll
0x00007ffa980f0000 - 0x00007ffa98181000 	C:\WINDOWS\SYSTEM32\apphelp.dll
0x00007ffa98820000 - 0x00007ffa9884f000 	C:\WINDOWS\system32\DWMAPI.DLL
0x00007ffa98550000 - 0x00007ffa985fc000 	C:\WINDOWS\system32\uxtheme.dll
0x00007ffa91b10000 - 0x00007ffa91c11000 	C:\WINDOWS\system32\opengl32.dll
0x00007ffa91c60000 - 0x00007ffa91c8d000 	C:\WINDOWS\SYSTEM32\GLU32.dll
0x00007ffa98640000 - 0x00007ffa98678000 	C:\WINDOWS\SYSTEM32\dxcore.dll
0x00007ffa9d200000 - 0x00007ffa9d31e000 	C:\WINDOWS\System32\MSCTF.dll
0x00007ffa9c5a0000 - 0x00007ffa9c73a000 	C:\WINDOWS\System32\ole32.dll
0x00007ffa6a610000 - 0x00007ffa6a699000 	C:\Program Files\Java\jdk-17\bin\freetype.dll
0x00007ffa6a560000 - 0x00007ffa6a608000 	C:\Program Files\Java\jdk-17\bin\fontmanager.dll
0x00007ffa80480000 - 0x00007ffa805ad000 	C:\WINDOWS\SYSTEM32\textinputframework.dll
0x00007ffa97e90000 - 0x00007ffa97fc2000 	C:\WINDOWS\SYSTEM32\CoreMessaging.dll
0x00007ffa7cde0000 - 0x00007ffa7d14d000 	C:\WINDOWS\SYSTEM32\CoreUIComponents.dll
0x00007ffa9ab00000 - 0x00007ffa9ab0c000 	C:\WINDOWS\SYSTEM32\CRYPTBASE.DLL
0x0000000180000000 - 0x0000000180064000 	C:\Users\isabe\OneDrive\ECE 373\Project\CatCong\OpenAL64.dll
0x00007ffa926e0000 - 0x00007ffa926f0000 	C:\Program Files\Java\jdk-17\bin\verify.dll
0x0000012b651e0000 - 0x0000012b65233000 	C:\Users\isabe\OneDrive\ECE 373\Project\CatCong\lwjgl64.dll
0x00007ffa960f0000 - 0x00007ffa961a9000 	C:\WINDOWS\SYSTEM32\mscms.dll
0x00007ffa9af80000 - 0x00007ffa9afcc000 	C:\WINDOWS\SYSTEM32\cfgmgr32.dll
0x00007ffa9ac60000 - 0x00007ffa9ac87000 	C:\WINDOWS\SYSTEM32\bcrypt.dll
0x00007ffa9d780000 - 0x00007ffa9d82f000 	C:\WINDOWS\System32\clbcatq.dll
0x00007ffa79b00000 - 0x00007ffa79b4a000 	C:\Windows\System32\Windows.Internal.Graphics.Display.DisplayColorManagement.dll
0x00007ffa7dca0000 - 0x00007ffa7dce4000 	C:\WINDOWS\SYSTEM32\directxdatabasehelper.dll
0x00007ffa987c0000 - 0x00007ffa987f4000 	C:\WINDOWS\SYSTEM32\ntmarta.dll
0x00007ffa94e90000 - 0x00007ffa94fc3000 	C:\Windows\System32\AppXDeploymentClient.dll
0x00007ffa914e0000 - 0x00007ffa916ce000 	C:\WINDOWS\SYSTEM32\urlmon.dll
0x00007ffa911f0000 - 0x00007ffa914a2000 	C:\Windows\System32\iertutil.dll
0x00007ffa914b0000 - 0x00007ffa914d8000 	C:\Windows\System32\srvcli.dll
0x00007ffa9a060000 - 0x00007ffa9a06c000 	C:\Windows\System32\netutils.dll
0x00007ffa41580000 - 0x00007ffa42580000 	C:\WINDOWS\System32\DriverStore\FileRepository\iigd_dch.inf_amd64_14d6d9e2312c79ae\igxelpicd64.dll
0x00007ffa986a0000 - 0x00007ffa98793000 	C:\WINDOWS\system32\dxgi.dll
0x00007ffa41110000 - 0x00007ffa41574000 	C:\WINDOWS\System32\DriverStore\FileRepository\iigd_dch.inf_amd64_14d6d9e2312c79ae\igdml64.dll
0x00007ffa76bf0000 - 0x00007ffa76fad000 	C:\WINDOWS\System32\DriverStore\FileRepository\iigd_dch.inf_amd64_14d6d9e2312c79ae\igdgmm64.dll
0x00007ffa73580000 - 0x00007ffa767b8000 	C:\WINDOWS\System32\DriverStore\FileRepository\iigd_dch.inf_amd64_14d6d9e2312c79ae\igc64.dll
0x00007ffa9a460000 - 0x00007ffa9a4ad000 	C:\WINDOWS\SYSTEM32\powrprof.dll
0x00007ffa9a440000 - 0x00007ffa9a453000 	C:\WINDOWS\SYSTEM32\UMPDC.dll
0x00007ffa89990000 - 0x00007ffa89a2c000 	C:\WINDOWS\System32\MMDevApi.dll
0x00007ffa9af50000 - 0x00007ffa9af7c000 	C:\WINDOWS\System32\DEVOBJ.dll
0x00007ffa69ad0000 - 0x00007ffa69b72000 	C:\WINDOWS\SYSTEM32\dsound.dll
0x00007ffa820a0000 - 0x00007ffa820c9000 	C:\WINDOWS\SYSTEM32\winmmbase.dll
0x00007ffa61a80000 - 0x00007ffa61b31000 	C:\WINDOWS\SYSTEM32\ResampleDmo.DLL
0x00007ffa94650000 - 0x00007ffa9465b000 	C:\WINDOWS\SYSTEM32\msdmo.dll
0x00007ffa82740000 - 0x00007ffa8290f000 	C:\WINDOWS\SYSTEM32\AUDIOSES.DLL
0x00007ffa98800000 - 0x00007ffa98815000 	C:\WINDOWS\SYSTEM32\resourcepolicyclient.dll
0x00007ffa94600000 - 0x00007ffa94607000 	C:\Program Files\Java\jdk-17\bin\jawt.dll
0x00007ffa94380000 - 0x00007ffa943ad000 	C:\Program Files\Java\jdk-17\bin\javajpeg.dll

dbghelp: loaded successfully - version: 4.0.5 - missing functions: none
symbol engine: initialized successfully - sym options: 0x614 - pdb path: .;C:\Program Files\Java\jdk-17\bin;C:\WINDOWS\SYSTEM32;C:\WINDOWS\WinSxS\amd64_microsoft.windows.common-controls_6595b64144ccf1df_6.0.22000.120_none_9d947278b86cc467;C:\Program Files\Java\jdk-17\bin\server;C:\Users\isabe\OneDrive\ECE 373\Project\CatCong;C:\WINDOWS\System32\DriverStore\FileRepository\iigd_dch.inf_amd64_14d6d9e2312c79ae

VM Arguments:
jvm_args: -Dfile.encoding=Cp1252 -XX:+ShowCodeDetailsInExceptionMessages 
java_command: com.catcong.menus.Game
java_class_path (initial): C:\Users\isabe\OneDrive\ECE 373\Project\CatCong\bin;C:\Users\isabe\OneDrive\ECE 373\Project\CatCong\jME3.4.0-stable\lib\ant.jar;C:\Users\isabe\OneDrive\ECE 373\Project\CatCong\jME3.4.0-stable\lib\ant-launcher.jar;C:\Users\isabe\OneDrive\ECE 373\Project\CatCong\jME3.4.0-stable\lib\asm-all.jar;C:\Users\isabe\OneDrive\ECE 373\Project\CatCong\jME3.4.0-stable\lib\gson.jar;C:\Users\isabe\OneDrive\ECE 373\Project\CatCong\jME3.4.0-stable\lib\jbullet.jar;C:\Users\isabe\OneDrive\ECE 373\Project\CatCong\jME3.4.0-stable\lib\jinput.jar;C:\Users\isabe\OneDrive\ECE 373\Project\CatCong\jME3.4.0-stable\lib\jinput-natives-all.jar;C:\Users\isabe\OneDrive\ECE 373\Project\CatCong\jME3.4.0-stable\lib\jme3-core.jar;C:\Users\isabe\OneDrive\ECE 373\Project\CatCong\jME3.4.0-stable\lib\jme3-desktop.jar;C:\Users\isabe\OneDrive\ECE 373\Project\CatCong\jME3.4.0-stable\lib\jme3-effects.jar;C:\Users\isabe\OneDrive\ECE 373\Project\CatCong\jME3.4.0-stable\lib\jme3-jbullet.jar;C:\Users\isabe\OneDrive\ECE 373\Project\CatCong\jME3.4.0-stable\lib\jme3-jogg.jar;C:\Users\isabe\OneDrive\ECE 373\Project\CatCong\jME3.4.0-stable\lib\jme3-lwjgl.jar;C:\Users\isabe\OneDrive\ECE 373\Project\CatCong\jME3.4.0-stable\lib\jme3-networking.jar;C:\Users\isabe\OneDrive\ECE 373\Project\CatCong\jME3.4.0-stable\lib\jme3-niftygui.jar;C:\Users\isabe\OneDrive\ECE 373\Project\CatCong\jME3.4.0-stable\lib\jme3-plugins.jar;C:\Users\isabe\OneDrive\ECE 373\Project\CatCong\jME3.4.0-stable\lib\jme3-terrain.jar;C:\Users\isabe\OneDrive\ECE 373\Project\CatCong\jME3.4.0-stable\lib\jmf.jar;C:\Users\isabe\OneDrive\ECE 373\Project\CatCong\jME3.4.0-stable\lib\j-ogg-all.jar;C:\Users\isabe\OneDrive\ECE 373\Project\CatCong\jME3.4.0-stable\lib\jsr305.jar;C:\Users\isabe\OneDrive\ECE 373\Project\CatCong\jME3.4.0-stable\lib\lwjgl.jar;C:\Users\isabe\OneDrive\ECE 373\Project\CatCong\jME3.4.0-stable\lib\lwjgl-platform-natives-linux.jar;C:\Users\isabe\OneDrive\ECE 373\Project\CatCong\jME3.4.0-stable\lib\lwjgl-platform-native
Launcher Type: SUN_STANDARD

[Global flags]
     intx CICompilerCount                          = 4                                         {product} {ergonomic}
     uint ConcGCThreads                            = 2                                         {product} {ergonomic}
     uint G1ConcRefinementThreads                  = 8                                         {product} {ergonomic}
   size_t G1HeapRegionSize                         = 2097152                                   {product} {ergonomic}
    uintx GCDrainStackTargetSize                   = 64                                        {product} {ergonomic}
   size_t InitialHeapSize                          = 266338304                                 {product} {ergonomic}
   size_t MarkStackSize                            = 4194304                                   {product} {ergonomic}
   size_t MaxHeapSize                              = 4234149888                                {product} {ergonomic}
   size_t MaxNewSize                               = 2539651072                                {product} {ergonomic}
   size_t MinHeapDeltaBytes                        = 2097152                                   {product} {ergonomic}
   size_t MinHeapSize                              = 8388608                                   {product} {ergonomic}
    uintx NonNMethodCodeHeapSize                   = 5839372                                {pd product} {ergonomic}
    uintx NonProfiledCodeHeapSize                  = 122909434                              {pd product} {ergonomic}
    uintx ProfiledCodeHeapSize                     = 122909434                              {pd product} {ergonomic}
    uintx ReservedCodeCacheSize                    = 251658240                              {pd product} {ergonomic}
     bool SegmentedCodeCache                       = true                                      {product} {ergonomic}
     bool ShowCodeDetailsInExceptionMessages       = true                                   {manageable} {command line}
   size_t SoftMaxHeapSize                          = 4234149888                             {manageable} {ergonomic}
     bool UseCompressedClassPointers               = true                           {product lp64_product} {ergonomic}
     bool UseCompressedOops                        = true                           {product lp64_product} {ergonomic}
     bool UseG1GC                                  = true                                      {product} {ergonomic}
     bool UseLargePagesIndividualAllocation        = false                                  {pd product} {ergonomic}

Logging:
Log output configuration:
 #0: stdout all=off uptime,level,tags
 #1: stderr all=off uptime,level,tags

Environment Variables:
PATH=C:/Program Files/Java/jdk-17/bin/server;C:/Program Files/Java/jdk-17/bin;C:\Program Files\Common Files\Oracle\Java\javapath;C:\Program Files (x86)\Common Files\Oracle\Java\javapath;C:\WINDOWS\system32;C:\WINDOWS;C:\WINDOWS\System32\Wbem;C:\WINDOWS\System32\WindowsPowerShell\v1.0\;C:\WINDOWS\System32\OpenSSH\;C:\Program Files\nodejs\;C:\Users\isabe\AppData\Local\Microsoft\WindowsApps;C:\Users\isabe\AppData\Roaming\npm;C:\Users\isabe\AppData\Local\GitHubDesktop\bin;C:\WINDOWS\System32;
USERNAME=isabe
OS=Windows_NT
PROCESSOR_IDENTIFIER=Intel64 Family 6 Model 140 Stepping 1, GenuineIntel



---------------  S Y S T E M  ---------------

OS:
 Windows 10 , 64 bit Build 22000 (10.0.22000.318)
OS uptime: 3 days 5:17 hours

CPU: total 8 (initial active 8) (4 cores per cpu, 2 threads per core) family 6 model 140 stepping 1 microcode 0x86, cx8, cmov, fxsr, ht, mmx, 3dnowpref, sse, sse2, sse3, ssse3, sse4.1, sse4.2, popcnt, lzcnt, tsc, tscinvbit, avx, avx2, aes, erms, clmul, bmi1, bmi2, adx, avx512f, avx512dq, avx512cd, avx512bw, avx512vl, sha, fma, vzeroupper, avx512_vpopcntdq, avx512_vpclmulqdq, avx512_vaes, avx512_vnni, clflush, clflushopt, clwb, avx512_vbmi2, avx512_vbmi

Memory: 4k page, system-wide physical 16149M (1975M free)
TotalPageFile size 27925M (AvailPageFile size 9752M)
current process WorkingSet (physical memory assigned to process): 1047M, peak: 1069M
current process commit charge ("private bytes"): 1031M, peak: 1057M

vm_info: Java HotSpot(TM) 64-Bit Server VM (17+35-LTS-2724) for windows-amd64 JRE (17+35-LTS-2724), built on Aug  5 2021 23:28:28 by "mach5one" with MS VC++ 16.8 (VS2019)

END.
